<?xml version="1.0" encoding="UTF-8"?>
<testsuites name="Pemrakarsa" time="301.054" tests="3" failures="1" errors="0">
   <testsuite name="Pemrakarsa" tests="3" failures="1" errors="0" time="301.054" skipped="0" timestamp="2022-08-18 00:39:30" hostname="ansct - DESKTOP-J7AMOGN" id="Test Suites/Pemrakarsa">
      <properties>
         <property name="deviceName" value="samsung SM-J730G (Android 9)"/>
         <property name="devicePlatform" value=""/>
         <property name="logFolder" value="E:\\BRISPOT\\Katalon\\brispot ppnd\\Reports\\20220818_003924\\Pemrakarsa\\20220818_003924"/>
         <property name="logFiles" value="E:\\BRISPOT\\Katalon\\brispot ppnd\\Reports\\20220818_003924\\Pemrakarsa\\20220818_003924\\appium.log, E:\\BRISPOT\\Katalon\\brispot ppnd\\Reports\\20220818_003924\\Pemrakarsa\\20220818_003924\\execution0.log"/>
         <property name="attachments" value="E:\\BRISPOT\\Katalon\\brispot ppnd\\Reports\\20220818_003924\\Pemrakarsa\\20220818_003924\\1660758270717.png"/>
         <property name="hostName" value="ansct - DESKTOP-J7AMOGN"/>
         <property name="os" value="Windows 10 64bit"/>
         <property name="appiumServerStatus" value="{&quot;value&quot;:{&quot;build&quot;:{&quot;version&quot;:&quot;1.22.3&quot;}},&quot;sessionId&quot;:null,&quot;status&quot;:0}"/>
         <property name="katalonVersion" value="8.4.1.208"/>
         <property name="deviceOS" value="Android"/>
         <property name="appiumVersion" value="1.22.3"/>
         <property name="deviceModel" value="SM-J730G"/>
         <property name="hostAddress" value="192.168.134.88"/>
         <property name="deviceManufacturer" value="samsung"/>
         <property name="deviceId" value="52009efcee2e8435"/>
         <property name="deviceName" value="samsung SM-J730G (Android 9)"/>
         <property name="deviceOSVersion" value="9"/>
      </properties>
      <testcase name="Test Cases/00. Login" time="44.21" classname="Test Cases/00. Login" status="PASSED">
         <system-out><![CDATA[2022-08-18 00:39:31 - [TEST_CASE][PASSED] - Test Cases/00. Login: Test Cases/00. Login

2022-08-18 00:39:32 - [TEST_STEP][PASSED] - try: Starting app with application ID: 'id.co.bri.brispotnew'

2022-08-18 00:39:32 - [TEST_STEP][PASSED] - startExistingApplication("id.co.bri.brispotnew"): Starting app with application ID: 'id.co.bri.brispotnew'

2022-08-18 00:39:33 - [MESSAGE][INFO] - User set preference: ['appWaitActivity', '*']

2022-08-18 00:39:33 - [MESSAGE][INFO] - User set preference: ['deviceId', '']

2022-08-18 00:39:33 - [MESSAGE][INFO] - Detected NodeJS location: "C:\Program Files\nodejs\node.exe"

2022-08-18 00:39:37 - [MESSAGE][INFO] - Appium server started on port 62,352

2022-08-18 00:40:01 - [MESSAGE][INFO] - Failed to get OS statusbar's information using default method.

2022-08-18 00:40:02 - [MESSAGE][PASSED] - Starting app with application ID: 'id.co.bri.brispotnew'

2022-08-18 00:40:02 - [TEST_STEP][PASSED] - callTestCase(findTestCase("Test Cases/Create User Tester"), [:], STOP_ON_FAILURE): Call Test Case 'Test Cases/Create User Tester' successfully

2022-08-18 00:40:02 - [TEST_CASE][PASSED] - Test Cases/Create User Tester: Test Cases/Create User Tester

2022-08-18 00:40:03 - [TEST_STEP][PASSED] - sendRequest(findTestObject("Create User Tester")): Send request successfully

2022-08-18 00:40:04 - [MESSAGE][INFO] - HAR: E:\BRISPOT\Katalon\brispot ppnd\Reports\20220818_003924\Pemrakarsa\20220818_003924\requests\main\0.har

2022-08-18 00:40:04 - [MESSAGE][PASSED] - Send request successfully

2022-08-18 00:40:04 - [MESSAGE][PASSED] - Call Test Case 'Test Cases/Create User Tester' successfully

2022-08-18 00:40:04 - [TEST_STEP][PASSED] - setText(findTestObject("id", ["id":"id.co.bri.brispotnew:id/tv_username"]), "00251612", 0): Text '00251612' has been set to element 'Object Repository/id'

2022-08-18 00:40:05 - [MESSAGE][WARNING] - Timeout '0' is invalid. Using default page load timeout: '30'

2022-08-18 00:40:08 - [MESSAGE][PASSED] - Text '00251612' has been set to element 'Object Repository/id'

2022-08-18 00:40:08 - [TEST_STEP][PASSED] - setText(findTestObject("id", ["id":"id.co.bri.brispotnew:id/tv_password"]), "P@ssw0rd", 0): Text 'P@ssw0rd' has been set to element 'Object Repository/id'

2022-08-18 00:40:08 - [MESSAGE][WARNING] - Timeout '0' is invalid. Using default page load timeout: '30'

2022-08-18 00:40:10 - [MESSAGE][PASSED] - Text 'P@ssw0rd' has been set to element 'Object Repository/id'

2022-08-18 00:40:10 - [TEST_STEP][PASSED] - tap(findTestObject("id", ["id":"id.co.bri.brispotnew:id/btn_login"]), 0): Tapped on element 'Object Repository/id'

2022-08-18 00:40:10 - [MESSAGE][WARNING] - Timeout '0' is invalid. Using default page load timeout: '30'

2022-08-18 00:40:11 - [MESSAGE][PASSED] - Tapped on element 'Object Repository/id'

2022-08-18 00:40:11 - [TEST_STEP][PASSED] - tap(findTestObject("id", ["id":"id.co.bri.brispotnew:id/cBox"]), 0): Tapped on element 'Object Repository/id'

2022-08-18 00:40:11 - [MESSAGE][WARNING] - Timeout '0' is invalid. Using default page load timeout: '30'

2022-08-18 00:40:15 - [MESSAGE][PASSED] - Tapped on element 'Object Repository/id'

2022-08-18 00:40:15 - [TEST_STEP][PASSED] - tap(findTestObject("id", ["id":"id.co.bri.brispotnew:id/btn_yes"]), 0): Tapped on element 'Object Repository/id'

2022-08-18 00:40:15 - [MESSAGE][WARNING] - Timeout '0' is invalid. Using default page load timeout: '30'

2022-08-18 00:40:15 - [MESSAGE][PASSED] - Tapped on element 'Object Repository/id']]></system-out>
         <system-err><![CDATA[]]></system-err>
      </testcase>
      <testcase name="Test Cases/01. Create Data Pemasaran" time="151.907" classname="Test Cases/01. Create Data Pemasaran" status="PASSED">
         <system-out><![CDATA[2022-08-18 00:40:15 - [TEST_CASE][PASSED] - Test Cases/01. Create Data Pemasaran: Test Cases/01. Create Data Pemasaran

2022-08-18 00:40:17 - [TEST_STEP][PASSED] - tap(findTestObject("text", ["text":"Pemasaran"]), 0): Tapped on element 'Object Repository/text'

2022-08-18 00:40:17 - [MESSAGE][WARNING] - Timeout '0' is invalid. Using default page load timeout: '30'

2022-08-18 00:40:19 - [MESSAGE][PASSED] - Tapped on element 'Object Repository/text'

2022-08-18 00:40:19 - [TEST_STEP][PASSED] - tap(findTestObject("id", ["id":"id.co.bri.brispotnew:id/btn_tambah_data_cpp"]), 0): Tapped on element 'Object Repository/id'

2022-08-18 00:40:19 - [MESSAGE][WARNING] - Timeout '0' is invalid. Using default page load timeout: '30'

2022-08-18 00:40:22 - [MESSAGE][PASSED] - Tapped on element 'Object Repository/id'

2022-08-18 00:40:22 - [TEST_STEP][PASSED] - tap(findTestObject("text", ["text":"SME"]), 0): Tapped on element 'Object Repository/text'

2022-08-18 00:40:23 - [MESSAGE][WARNING] - Timeout '0' is invalid. Using default page load timeout: '30'

2022-08-18 00:40:25 - [MESSAGE][PASSED] - Tapped on element 'Object Repository/text'

2022-08-18 00:40:25 - [TEST_STEP][PASSED] - tap(findTestObject("text", ["text":"PRIBADI"]), 0): Tapped on element 'Object Repository/text'

2022-08-18 00:40:25 - [MESSAGE][WARNING] - Timeout '0' is invalid. Using default page load timeout: '30'

2022-08-18 00:40:26 - [MESSAGE][PASSED] - Tapped on element 'Object Repository/text'

2022-08-18 00:40:26 - [TEST_STEP][PASSED] - tap(findTestObject("id", ["id":"id.co.bri.brispotnew:id/btn_cam"]), 0): Tapped on element 'Object Repository/id'

2022-08-18 00:40:26 - [MESSAGE][WARNING] - Timeout '0' is invalid. Using default page load timeout: '30'

2022-08-18 00:40:30 - [MESSAGE][PASSED] - Tapped on element 'Object Repository/id'

2022-08-18 00:40:30 - [TEST_STEP][PASSED] - tap(findTestObject("id", ["id":"id.co.bri.brispotnew:id/tvItem1"]), 0): Tapped on element 'Object Repository/id'

2022-08-18 00:40:30 - [MESSAGE][WARNING] - Timeout '0' is invalid. Using default page load timeout: '30'

2022-08-18 00:40:31 - [MESSAGE][PASSED] - Tapped on element 'Object Repository/id'

2022-08-18 00:40:31 - [TEST_STEP][PASSED] - tap(findTestObject("id", ["id":"android:id/button1"]), 0): Tapped on element 'Object Repository/id'

2022-08-18 00:40:31 - [MESSAGE][WARNING] - Timeout '0' is invalid. Using default page load timeout: '30'

2022-08-18 00:40:32 - [MESSAGE][PASSED] - Tapped on element 'Object Repository/id'

2022-08-18 00:40:32 - [TEST_STEP][PASSED] - tap(findTestObject("text", ["text":"Shutter"]), 0): Tapped on element 'Object Repository/text'

2022-08-18 00:40:33 - [MESSAGE][WARNING] - Timeout '0' is invalid. Using default page load timeout: '30'

2022-08-18 00:40:35 - [MESSAGE][PASSED] - Tapped on element 'Object Repository/text'

2022-08-18 00:40:35 - [TEST_STEP][PASSED] - tap(findTestObject("id", ["id":"com.sec.android.app.camera:id/okay"]), 0): Tapped on element 'Object Repository/id'

2022-08-18 00:40:35 - [MESSAGE][WARNING] - Timeout '0' is invalid. Using default page load timeout: '30'

2022-08-18 00:40:39 - [MESSAGE][PASSED] - Tapped on element 'Object Repository/id'

2022-08-18 00:40:39 - [TEST_STEP][PASSED] - scrollToText("UBAH LOKASI", STOP_ON_FAILURE): Scrolling to text 'UBAH LOKASI' successfully

2022-08-18 00:40:44 - [MESSAGE][PASSED] - Scrolling to text 'UBAH LOKASI' successfully

2022-08-18 00:40:44 - [TEST_STEP][PASSED] - tap(findTestObject("id", ["id":"id.co.bri.brispotnew:id/change_loc"]), 0): Tapped on element 'Object Repository/id'

2022-08-18 00:40:44 - [MESSAGE][WARNING] - Timeout '0' is invalid. Using default page load timeout: '30'

2022-08-18 00:40:44 - [MESSAGE][PASSED] - Tapped on element 'Object Repository/id'

2022-08-18 00:40:44 - [TEST_STEP][PASSED] - tap(findTestObject("text", ["text":"OK"]), 0): Tapped on element 'Object Repository/text'

2022-08-18 00:40:45 - [MESSAGE][WARNING] - Timeout '0' is invalid. Using default page load timeout: '30'

2022-08-18 00:40:48 - [MESSAGE][PASSED] - Tapped on element 'Object Repository/text'

2022-08-18 00:40:48 - [TEST_STEP][PASSED] - tap(findTestObject("text", ["text":"OK"]), 0): Tapped on element 'Object Repository/text'

2022-08-18 00:40:48 - [MESSAGE][WARNING] - Timeout '0' is invalid. Using default page load timeout: '30'

2022-08-18 00:40:50 - [MESSAGE][PASSED] - Tapped on element 'Object Repository/text'

2022-08-18 00:40:50 - [TEST_STEP][PASSED] - tap(findTestObject("id", ["id":"id.co.bri.brispotnew:id/buttonSet"]), 0): Tapped on element 'Object Repository/id'

2022-08-18 00:40:50 - [MESSAGE][WARNING] - Timeout '0' is invalid. Using default page load timeout: '30'

2022-08-18 00:40:50 - [MESSAGE][PASSED] - Tapped on element 'Object Repository/id'

2022-08-18 00:40:50 - [TEST_STEP][PASSED] - tap(findTestObject("id", ["id":"id.co.bri.brispotnew:id/btn_next"]), 0): Tapped on element 'Object Repository/id'

2022-08-18 00:40:50 - [MESSAGE][WARNING] - Timeout '0' is invalid. Using default page load timeout: '30'

2022-08-18 00:40:52 - [MESSAGE][PASSED] - Tapped on element 'Object Repository/id'

2022-08-18 00:40:52 - [TEST_STEP][PASSED] - setText(findTestObject("id", ["id":"id.co.bri.brispotnew:id/nik_cpp"]), "1000200030004001", 0): Text '1000200030004001' has been set to element 'Object Repository/id'

2022-08-18 00:40:52 - [MESSAGE][WARNING] - Timeout '0' is invalid. Using default page load timeout: '30'

2022-08-18 00:40:55 - [MESSAGE][PASSED] - Text '1000200030004001' has been set to element 'Object Repository/id'

2022-08-18 00:40:55 - [TEST_STEP][PASSED] - setText(findTestObject("id", ["id":"id.co.bri.brispotnew:id/nama_cpp"]), "PPND Katalon", 0): Text 'PPND Katalon' has been set to element 'Object Repository/id'

2022-08-18 00:40:55 - [MESSAGE][WARNING] - Timeout '0' is invalid. Using default page load timeout: '30'

2022-08-18 00:40:57 - [MESSAGE][PASSED] - Text 'PPND Katalon' has been set to element 'Object Repository/id'

2022-08-18 00:40:57 - [TEST_STEP][PASSED] - tap(findTestObject("id", ["id":"id.co.bri.brispotnew:id/radio_pria"]), 0): Tapped on element 'Object Repository/id'

2022-08-18 00:40:57 - [MESSAGE][WARNING] - Timeout '0' is invalid. Using default page load timeout: '30'

2022-08-18 00:40:57 - [MESSAGE][PASSED] - Tapped on element 'Object Repository/id'

2022-08-18 00:40:57 - [TEST_STEP][PASSED] - tap(findTestObject("id", ["id":"id.co.bri.brispotnew:id/radio_single"]), 0): Tapped on element 'Object Repository/id'

2022-08-18 00:40:58 - [MESSAGE][WARNING] - Timeout '0' is invalid. Using default page load timeout: '30'

2022-08-18 00:40:58 - [MESSAGE][PASSED] - Tapped on element 'Object Repository/id'

2022-08-18 00:40:58 - [TEST_STEP][PASSED] - setText(findTestObject("id", ["id":"id.co.bri.brispotnew:id/tmp_lahir"]), "Jakarta", 0): Text 'Jakarta' has been set to element 'Object Repository/id'

2022-08-18 00:40:58 - [MESSAGE][WARNING] - Timeout '0' is invalid. Using default page load timeout: '30'

2022-08-18 00:41:01 - [MESSAGE][PASSED] - Text 'Jakarta' has been set to element 'Object Repository/id'

2022-08-18 00:41:01 - [TEST_STEP][PASSED] - scrollToText("Bidang Usaha", STOP_ON_FAILURE): Scrolling to text 'Bidang Usaha' successfully

2022-08-18 00:41:05 - [MESSAGE][PASSED] - Scrolling to text 'Bidang Usaha' successfully

2022-08-18 00:41:05 - [TEST_STEP][PASSED] - setText(findTestObject("id", ["id":"id.co.bri.brispotnew:id/tgl_lahir"]), "1980-08-16", 0): Text '1980-08-16' has been set to element 'Object Repository/id'

2022-08-18 00:41:05 - [MESSAGE][WARNING] - Timeout '0' is invalid. Using default page load timeout: '30'

2022-08-18 00:41:07 - [MESSAGE][PASSED] - Text '1980-08-16' has been set to element 'Object Repository/id'

2022-08-18 00:41:07 - [TEST_STEP][PASSED] - setText(findTestObject("id", ["id":"id.co.bri.brispotnew:id/hp"]), "081234567890", 0): Text '081234567890' has been set to element 'Object Repository/id'

2022-08-18 00:41:07 - [MESSAGE][WARNING] - Timeout '0' is invalid. Using default page load timeout: '30'

2022-08-18 00:41:09 - [MESSAGE][PASSED] - Text '081234567890' has been set to element 'Object Repository/id'

2022-08-18 00:41:09 - [TEST_STEP][PASSED] - setText(findTestObject("id", ["id":"id.co.bri.brispotnew:id/email"]), "dummy@gmail.com", 0): Text 'dummy@gmail.com' has been set to element 'Object Repository/id'

2022-08-18 00:41:09 - [MESSAGE][WARNING] - Timeout '0' is invalid. Using default page load timeout: '30'

2022-08-18 00:41:10 - [MESSAGE][PASSED] - Text 'dummy@gmail.com' has been set to element 'Object Repository/id'

2022-08-18 00:41:10 - [TEST_STEP][PASSED] - tap(findTestObject("id", ["id":"id.co.bri.brispotnew:id/bidang_usaha"]), 0): Tapped on element 'Object Repository/id'

2022-08-18 00:41:11 - [MESSAGE][WARNING] - Timeout '0' is invalid. Using default page load timeout: '30'

2022-08-18 00:41:11 - [MESSAGE][PASSED] - Tapped on element 'Object Repository/id'

2022-08-18 00:41:11 - [TEST_STEP][PASSED] - tap(findTestObject("id", ["id":"id.co.bri.brispotnew:id/desc2_text"]), 0): Tapped on element 'Object Repository/id'

2022-08-18 00:41:11 - [MESSAGE][WARNING] - Timeout '0' is invalid. Using default page load timeout: '30'

2022-08-18 00:41:13 - [MESSAGE][PASSED] - Tapped on element 'Object Repository/id'

2022-08-18 00:41:13 - [TEST_STEP][PASSED] - tap(findTestObject("id", ["id":"id.co.bri.brispotnew:id/btn_next"]), 0): Tapped on element 'Object Repository/id'

2022-08-18 00:41:13 - [MESSAGE][WARNING] - Timeout '0' is invalid. Using default page load timeout: '30'

2022-08-18 00:41:14 - [MESSAGE][PASSED] - Tapped on element 'Object Repository/id'

2022-08-18 00:41:14 - [TEST_STEP][PASSED] - setText(findTestObject("id", ["id":"id.co.bri.brispotnew:id/alamat"]), "jalan dummy", 0): Text 'jalan dummy' has been set to element 'Object Repository/id'

2022-08-18 00:41:14 - [MESSAGE][WARNING] - Timeout '0' is invalid. Using default page load timeout: '30'

2022-08-18 00:41:17 - [MESSAGE][PASSED] - Text 'jalan dummy' has been set to element 'Object Repository/id'

2022-08-18 00:41:17 - [TEST_STEP][PASSED] - setText(findTestObject("id", ["id":"id.co.bri.brispotnew:id/rt"]), "1", 0): Text '1' has been set to element 'Object Repository/id'

2022-08-18 00:41:17 - [MESSAGE][WARNING] - Timeout '0' is invalid. Using default page load timeout: '30'

2022-08-18 00:41:19 - [MESSAGE][PASSED] - Text '1' has been set to element 'Object Repository/id'

2022-08-18 00:41:19 - [TEST_STEP][PASSED] - setText(findTestObject("id", ["id":"id.co.bri.brispotnew:id/rw"]), "1", 0): Text '1' has been set to element 'Object Repository/id'

2022-08-18 00:41:19 - [MESSAGE][WARNING] - Timeout '0' is invalid. Using default page load timeout: '30'

2022-08-18 00:41:21 - [MESSAGE][PASSED] - Text '1' has been set to element 'Object Repository/id'

2022-08-18 00:41:21 - [TEST_STEP][PASSED] - scrollToText("Kelurahan", STOP_ON_FAILURE): Scrolling to text 'Kelurahan' successfully

2022-08-18 00:41:24 - [MESSAGE][PASSED] - Scrolling to text 'Kelurahan' successfully

2022-08-18 00:41:24 - [TEST_STEP][PASSED] - tap(findTestObject("id", ["id":"id.co.bri.brispotnew:id/kode_pos"]), 0): Tapped on element 'Object Repository/id'

2022-08-18 00:41:24 - [MESSAGE][WARNING] - Timeout '0' is invalid. Using default page load timeout: '30'

2022-08-18 00:41:25 - [MESSAGE][PASSED] - Tapped on element 'Object Repository/id'

2022-08-18 00:41:25 - [TEST_STEP][PASSED] - tap(findTestObject("text", ["text":"15550006"]), 0): Tapped on element 'Object Repository/text'

2022-08-18 00:41:25 - [MESSAGE][WARNING] - Timeout '0' is invalid. Using default page load timeout: '30'

2022-08-18 00:41:26 - [MESSAGE][PASSED] - Tapped on element 'Object Repository/text'

2022-08-18 00:41:26 - [TEST_STEP][PASSED] - tap(findTestObject("id", ["id":"id.co.bri.brispotnew:id/btn_next"]), 0): Tapped on element 'Object Repository/id'

2022-08-18 00:41:27 - [MESSAGE][WARNING] - Timeout '0' is invalid. Using default page load timeout: '30'

2022-08-18 00:41:28 - [MESSAGE][PASSED] - Tapped on element 'Object Repository/id'

2022-08-18 00:41:28 - [TEST_STEP][PASSED] - setText(findTestObject("id", ["id":"id.co.bri.brispotnew:id/ratas_penjualan"]), "100000000", 0): Text '100000000' has been set to element 'Object Repository/id'

2022-08-18 00:41:28 - [MESSAGE][WARNING] - Timeout '0' is invalid. Using default page load timeout: '30'

2022-08-18 00:41:31 - [MESSAGE][PASSED] - Text '100000000' has been set to element 'Object Repository/id'

2022-08-18 00:41:31 - [TEST_STEP][PASSED] - setText(findTestObject("id", ["id":"id.co.bri.brispotnew:id/txtLabaPerbulan"]), "80000000", 0): Text '80000000' has been set to element 'Object Repository/id'

2022-08-18 00:41:32 - [MESSAGE][WARNING] - Timeout '0' is invalid. Using default page load timeout: '30'

2022-08-18 00:41:33 - [MESSAGE][PASSED] - Text '80000000' has been set to element 'Object Repository/id'

2022-08-18 00:41:33 - [TEST_STEP][PASSED] - setText(findTestObject("id", ["id":"id.co.bri.brispotnew:id/txtPotensiTopUp"]), "30000000", 0): Text '30000000' has been set to element 'Object Repository/id'

2022-08-18 00:41:33 - [MESSAGE][WARNING] - Timeout '0' is invalid. Using default page load timeout: '30'

2022-08-18 00:41:35 - [MESSAGE][PASSED] - Text '30000000' has been set to element 'Object Repository/id'

2022-08-18 00:41:35 - [TEST_STEP][PASSED] - setText(findTestObject("id", ["id":"id.co.bri.brispotnew:id/txtProdukBRI"]), "BRITAMA", 0): Text 'BRITAMA' has been set to element 'Object Repository/id'

2022-08-18 00:41:35 - [MESSAGE][WARNING] - Timeout '0' is invalid. Using default page load timeout: '30'

2022-08-18 00:41:36 - [MESSAGE][PASSED] - Text 'BRITAMA' has been set to element 'Object Repository/id'

2022-08-18 00:41:36 - [TEST_STEP][PASSED] - tap(findTestObject("id", ["id":"id.co.bri.brispotnew:id/tambah_bri"]), 0): Tapped on element 'Object Repository/id'

2022-08-18 00:41:37 - [MESSAGE][WARNING] - Timeout '0' is invalid. Using default page load timeout: '30'

2022-08-18 00:41:37 - [MESSAGE][PASSED] - Tapped on element 'Object Repository/id'

2022-08-18 00:41:37 - [TEST_STEP][PASSED] - tap(findTestObject("id", ["id":"id.co.bri.brispotnew:id/nama_bank"]), 0): Tapped on element 'Object Repository/id'

2022-08-18 00:41:37 - [MESSAGE][WARNING] - Timeout '0' is invalid. Using default page load timeout: '30'

2022-08-18 00:41:39 - [MESSAGE][PASSED] - Tapped on element 'Object Repository/id'

2022-08-18 00:41:39 - [TEST_STEP][PASSED] - tap(findTestObject("text", ["text":"Bank Mandiri"]), 0): Tapped on element 'Object Repository/text'

2022-08-18 00:41:39 - [MESSAGE][WARNING] - Timeout '0' is invalid. Using default page load timeout: '30'

2022-08-18 00:41:40 - [MESSAGE][PASSED] - Tapped on element 'Object Repository/text'

2022-08-18 00:41:40 - [TEST_STEP][PASSED] - setText(findTestObject("id", ["id":"id.co.bri.brispotnew:id/norek"]), "9192939495969798", 0): Text '9192939495969798' has been set to element 'Object Repository/id'

2022-08-18 00:41:41 - [MESSAGE][WARNING] - Timeout '0' is invalid. Using default page load timeout: '30'

2022-08-18 00:41:42 - [MESSAGE][PASSED] - Text '9192939495969798' has been set to element 'Object Repository/id'

2022-08-18 00:41:42 - [TEST_STEP][PASSED] - setText(findTestObject("id", ["id":"id.co.bri.brispotnew:id/mutasi_debit"]), "100000000", 0): Text '100000000' has been set to element 'Object Repository/id'

2022-08-18 00:41:43 - [MESSAGE][WARNING] - Timeout '0' is invalid. Using default page load timeout: '30'

2022-08-18 00:41:44 - [MESSAGE][PASSED] - Text '100000000' has been set to element 'Object Repository/id'

2022-08-18 00:41:44 - [TEST_STEP][PASSED] - setText(findTestObject("id", ["id":"id.co.bri.brispotnew:id/mutasi_kredit"]), "10000000", 0): Text '10000000' has been set to element 'Object Repository/id'

2022-08-18 00:41:44 - [MESSAGE][WARNING] - Timeout '0' is invalid. Using default page load timeout: '30'

2022-08-18 00:41:46 - [MESSAGE][PASSED] - Text '10000000' has been set to element 'Object Repository/id'

2022-08-18 00:41:46 - [TEST_STEP][PASSED] - tap(findTestObject("id", ["id":"id.co.bri.brispotnew:id/btn_simpan"]), 0): Tapped on element 'Object Repository/id'

2022-08-18 00:41:46 - [MESSAGE][WARNING] - Timeout '0' is invalid. Using default page load timeout: '30'

2022-08-18 00:41:47 - [MESSAGE][PASSED] - Tapped on element 'Object Repository/id'

2022-08-18 00:41:47 - [TEST_STEP][PASSED] - scrollToText("Bank Mandiri", STOP_ON_FAILURE): Scrolling to text 'Bank Mandiri' successfully

2022-08-18 00:41:51 - [MESSAGE][PASSED] - Scrolling to text 'Bank Mandiri' successfully

2022-08-18 00:41:51 - [TEST_STEP][PASSED] - tap(findTestObject("id", ["id":"id.co.bri.brispotnew:id/btn_next"]), 0): Tapped on element 'Object Repository/id'

2022-08-18 00:41:51 - [MESSAGE][WARNING] - Timeout '0' is invalid. Using default page load timeout: '30'

2022-08-18 00:41:51 - [MESSAGE][PASSED] - Tapped on element 'Object Repository/id'

2022-08-18 00:41:51 - [TEST_STEP][PASSED] - tap(findTestObject("id", ["id":"id.co.bri.brispotnew:id/btnTambahRekening"]), 0): Tapped on element 'Object Repository/id'

2022-08-18 00:41:51 - [MESSAGE][WARNING] - Timeout '0' is invalid. Using default page load timeout: '30'

2022-08-18 00:41:56 - [MESSAGE][PASSED] - Tapped on element 'Object Repository/id'

2022-08-18 00:41:56 - [TEST_STEP][PASSED] - setText(findTestObject("id", ["id":"id.co.bri.brispotnew:id/txtNomorRekening"]), "020601000001500", 0): Text '020601000001500' has been set to element 'Object Repository/id'

2022-08-18 00:41:56 - [MESSAGE][WARNING] - Timeout '0' is invalid. Using default page load timeout: '30'

2022-08-18 00:41:59 - [MESSAGE][PASSED] - Text '020601000001500' has been set to element 'Object Repository/id'

2022-08-18 00:41:59 - [TEST_STEP][PASSED] - tap(findTestObject("id", ["id":"id.co.bri.brispotnew:id/btnCekRekening"]), 0): Tapped on element 'Object Repository/id'

2022-08-18 00:41:59 - [MESSAGE][WARNING] - Timeout '0' is invalid. Using default page load timeout: '30'

2022-08-18 00:42:00 - [MESSAGE][PASSED] - Tapped on element 'Object Repository/id'

2022-08-18 00:42:00 - [TEST_STEP][PASSED] - tap(findTestObject("id", ["id":"id.co.bri.brispotnew:id/btnSimpanRekening"]), 0): Tapped on element 'Object Repository/id'

2022-08-18 00:42:00 - [MESSAGE][WARNING] - Timeout '0' is invalid. Using default page load timeout: '30'

2022-08-18 00:42:02 - [MESSAGE][PASSED] - Tapped on element 'Object Repository/id'

2022-08-18 00:42:02 - [TEST_STEP][PASSED] - tap(findTestObject("id", ["id":"id.co.bri.brispotnew:id/chipBrimo"]), 0): Tapped on element 'Object Repository/id'

2022-08-18 00:42:02 - [MESSAGE][WARNING] - Timeout '0' is invalid. Using default page load timeout: '30'

2022-08-18 00:42:03 - [MESSAGE][PASSED] - Tapped on element 'Object Repository/id'

2022-08-18 00:42:03 - [TEST_STEP][PASSED] - tap(findTestObject("id", ["id":"id.co.bri.brispotnew:id/chipKartuKredit"]), 0): Tapped on element 'Object Repository/id'

2022-08-18 00:42:03 - [MESSAGE][WARNING] - Timeout '0' is invalid. Using default page load timeout: '30'

2022-08-18 00:42:04 - [MESSAGE][PASSED] - Tapped on element 'Object Repository/id'

2022-08-18 00:42:04 - [TEST_STEP][PASSED] - tap(findTestObject("id", ["id":"id.co.bri.brispotnew:id/btn_next"]), 0): Tapped on element 'Object Repository/id'

2022-08-18 00:42:04 - [MESSAGE][WARNING] - Timeout '0' is invalid. Using default page load timeout: '30'

2022-08-18 00:42:05 - [MESSAGE][PASSED] - Tapped on element 'Object Repository/id'

2022-08-18 00:42:05 - [TEST_STEP][PASSED] - tap(findTestObject("id", ["id":"id.co.bri.brispotnew:id/btn_simpan_data"]), 0): Tapped on element 'Object Repository/id'

2022-08-18 00:42:05 - [MESSAGE][WARNING] - Timeout '0' is invalid. Using default page load timeout: '30'

2022-08-18 00:42:08 - [MESSAGE][PASSED] - Tapped on element 'Object Repository/id'

2022-08-18 00:42:08 - [TEST_STEP][PASSED] - setText(findTestObject("id", ["id":"id.co.bri.brispotnew:id/amount"]), "2000000000", 0): Text '2000000000' has been set to element 'Object Repository/id'

2022-08-18 00:42:08 - [MESSAGE][WARNING] - Timeout '0' is invalid. Using default page load timeout: '30'

2022-08-18 00:42:11 - [MESSAGE][PASSED] - Text '2000000000' has been set to element 'Object Repository/id'

2022-08-18 00:42:11 - [TEST_STEP][PASSED] - setText(findTestObject("id", ["id":"id.co.bri.brispotnew:id/periode"]), "60", 0): Text '60' has been set to element 'Object Repository/id'

2022-08-18 00:42:11 - [MESSAGE][WARNING] - Timeout '0' is invalid. Using default page load timeout: '30'

2022-08-18 00:42:12 - [MESSAGE][PASSED] - Text '60' has been set to element 'Object Repository/id'

2022-08-18 00:42:12 - [TEST_STEP][PASSED] - setText(findTestObject("id", ["id":"id.co.bri.brispotnew:id/ket"]), "Modal usaha", 0): Text 'Modal usaha' has been set to element 'Object Repository/id'

2022-08-18 00:42:13 - [MESSAGE][WARNING] - Timeout '0' is invalid. Using default page load timeout: '30'

2022-08-18 00:42:14 - [MESSAGE][PASSED] - Text 'Modal usaha' has been set to element 'Object Repository/id'

2022-08-18 00:42:14 - [TEST_STEP][PASSED] - tap(findTestObject("id", ["id":"id.co.bri.brispotnew:id/btn_ok"]), 0): Tapped on element 'Object Repository/id'

2022-08-18 00:42:14 - [MESSAGE][WARNING] - Timeout '0' is invalid. Using default page load timeout: '30'

2022-08-18 00:42:15 - [MESSAGE][PASSED] - Tapped on element 'Object Repository/id'

2022-08-18 00:42:15 - [TEST_STEP][PASSED] - setText(findTestObject("id", ["id":"id.co.bri.brispotnew:id/etSearch"]), "PPND Katalon", 0): Text 'PPND Katalon' has been set to element 'Object Repository/id'

2022-08-18 00:42:15 - [MESSAGE][WARNING] - Timeout '0' is invalid. Using default page load timeout: '30'

2022-08-18 00:42:21 - [MESSAGE][PASSED] - Text 'PPND Katalon' has been set to element 'Object Repository/id'

2022-08-18 00:42:21 - [TEST_STEP][PASSED] - tap(findTestObject("text", ["text":"1000200030004001"]), 0): Tapped on element 'Object Repository/text'

2022-08-18 00:42:21 - [MESSAGE][WARNING] - Timeout '0' is invalid. Using default page load timeout: '30'

2022-08-18 00:42:22 - [MESSAGE][PASSED] - Tapped on element 'Object Repository/text'

2022-08-18 00:42:22 - [TEST_STEP][PASSED] - tap(findTestObject("id", ["id":"id.co.bri.brispotnew:id/fab_expand_menu_button"]), 0): Tapped on element 'Object Repository/id'

2022-08-18 00:42:22 - [MESSAGE][WARNING] - Timeout '0' is invalid. Using default page load timeout: '30'

2022-08-18 00:42:23 - [MESSAGE][PASSED] - Tapped on element 'Object Repository/id'

2022-08-18 00:42:23 - [TEST_STEP][PASSED] - tap(findTestObject("text", ["text":"Lanjut"]), 0): Tapped on element 'Object Repository/text'

2022-08-18 00:42:24 - [MESSAGE][WARNING] - Timeout '0' is invalid. Using default page load timeout: '30'

2022-08-18 00:42:24 - [MESSAGE][PASSED] - Tapped on element 'Object Repository/text'

2022-08-18 00:42:24 - [TEST_STEP][PASSED] - for ([i = 0, i < 5, (i++)]): Tapped on element 'Object Repository/id'

2022-08-18 00:42:24 - [TEST_STEP][PASSED] - tap(findTestObject("id", ["id":"id.co.bri.brispotnew:id/btn_next"]), 0): Tapped on element 'Object Repository/id'

2022-08-18 00:42:25 - [MESSAGE][WARNING] - Timeout '0' is invalid. Using default page load timeout: '30'

2022-08-18 00:42:28 - [MESSAGE][PASSED] - Tapped on element 'Object Repository/id'

2022-08-18 00:42:28 - [TEST_STEP][PASSED] - tap(findTestObject("id", ["id":"id.co.bri.brispotnew:id/btn_next"]), 0): Tapped on element 'Object Repository/id'

2022-08-18 00:42:28 - [MESSAGE][WARNING] - Timeout '0' is invalid. Using default page load timeout: '30'

2022-08-18 00:42:29 - [MESSAGE][PASSED] - Tapped on element 'Object Repository/id'

2022-08-18 00:42:29 - [TEST_STEP][PASSED] - tap(findTestObject("id", ["id":"id.co.bri.brispotnew:id/btn_next"]), 0): Tapped on element 'Object Repository/id'

2022-08-18 00:42:29 - [MESSAGE][WARNING] - Timeout '0' is invalid. Using default page load timeout: '30'

2022-08-18 00:42:31 - [MESSAGE][PASSED] - Tapped on element 'Object Repository/id'

2022-08-18 00:42:31 - [TEST_STEP][PASSED] - tap(findTestObject("id", ["id":"id.co.bri.brispotnew:id/btn_next"]), 0): Tapped on element 'Object Repository/id'

2022-08-18 00:42:31 - [MESSAGE][WARNING] - Timeout '0' is invalid. Using default page load timeout: '30'

2022-08-18 00:42:34 - [MESSAGE][PASSED] - Tapped on element 'Object Repository/id'

2022-08-18 00:42:34 - [TEST_STEP][PASSED] - tap(findTestObject("id", ["id":"id.co.bri.brispotnew:id/btn_next"]), 0): Tapped on element 'Object Repository/id'

2022-08-18 00:42:34 - [MESSAGE][WARNING] - Timeout '0' is invalid. Using default page load timeout: '30'

2022-08-18 00:42:36 - [MESSAGE][PASSED] - Tapped on element 'Object Repository/id'

2022-08-18 00:42:36 - [TEST_STEP][PASSED] - tap(findTestObject("id", ["id":"id.co.bri.brispotnew:id/btn_lanjut_prakarsa"]), 0): Tapped on element 'Object Repository/id'

2022-08-18 00:42:36 - [MESSAGE][WARNING] - Timeout '0' is invalid. Using default page load timeout: '30'

2022-08-18 00:42:39 - [MESSAGE][PASSED] - Tapped on element 'Object Repository/id'

2022-08-18 00:42:39 - [TEST_STEP][PASSED] - tap(findTestObject("id", ["id":"id.co.bri.brispotnew:id/btn_ok"]), 0): Tapped on element 'Object Repository/id'

2022-08-18 00:42:39 - [MESSAGE][WARNING] - Timeout '0' is invalid. Using default page load timeout: '30'

2022-08-18 00:42:41 - [MESSAGE][PASSED] - Tapped on element 'Object Repository/id'

2022-08-18 00:42:41 - [TEST_STEP][PASSED] - tap(findTestObject("id", ["id":"id.co.bri.brispotnew:id/progress_finish"]), 0): Tapped on element 'Object Repository/id'

2022-08-18 00:42:41 - [MESSAGE][WARNING] - Timeout '0' is invalid. Using default page load timeout: '30'

2022-08-18 00:42:45 - [MESSAGE][PASSED] - Tapped on element 'Object Repository/id'

2022-08-18 00:42:45 - [TEST_STEP][PASSED] - tap(findTestObject("id", ["id":"id.co.bri.brispotnew:id/btn_back"]), 0): Tapped on element 'Object Repository/id'

2022-08-18 00:42:45 - [MESSAGE][WARNING] - Timeout '0' is invalid. Using default page load timeout: '30'

2022-08-18 00:42:47 - [MESSAGE][PASSED] - Tapped on element 'Object Repository/id']]></system-out>
         <system-err><![CDATA[]]></system-err>
      </testcase>
      <testcase name="Test Cases/02. Input Detail Data Pribadi" time="104.127" classname="Test Cases/02. Input Detail Data Pribadi" status="FAILED">
         <failure type="FAILED" message="Test Cases/02. Input Detail Data Pribadi FAILED.
Reason:
com.kms.katalon.core.exception.StepFailedException: Unable to scroll to text 'Kecamatan' (Root cause: org.openqa.selenium.NoSuchElementException: An element could not be located on the page using the given search parameters.
For documentation on this error, please visit: https://www.seleniumhq.org/exceptions/no_such_element.html
Build info: version: '3.141.59', revision: 'e82be7d358', time: '2018-11-14T08:25:53'
System info: host: 'DESKTOP-J7AMOGN', ip: '192.168.134.88', os.name: 'Windows 10', os.arch: 'amd64', os.version: '10.0', java.version: '1.8.0_282'
Driver info: com.kms.katalon.core.appium.driver.SwipeableAndroidDriver
Capabilities {appActivity: .Settings, appPackage: com.android.settings, appWaitActivity: *, autoGrantPermissions: true, automationName: uiautomator2, chromedriverPort: 62353, databaseEnabled: false, desired: {appActivity: .Settings, appPackage: com.android.settings, appWaitActivity: *, autoGrantPermissions: true, automationName: uiautomator2, chromedriverPort: 62353, deviceId: , deviceName: samsung SM-J730G (Android 9), newCommandTimeout: 1800, platform: ANDROID, platformName: android, platformVersion: 9, systemPort: 8265, udid: 52009efcee2e8435}, deviceApiLevel: 28, deviceId: , deviceManufacturer: samsung, deviceModel: SM-J730G, deviceName: 52009efcee2e8435, deviceScreenDensity: 420, deviceScreenSize: 1080x1920, deviceUDID: 52009efcee2e8435, javascriptEnabled: true, locationContextEnabled: false, networkConnectionEnabled: true, newCommandTimeout: 1800, pixelRatio: 2.625, platform: ANDROID, platformName: Android, platformVersion: 9, statBarHeight: 63, systemPort: 8265, takesScreenshot: true, udid: 52009efcee2e8435, viewportRect: {height: 1857, left: 0, top: 63, width: 1080}, warnings: {}, webStorageEnabled: false}
Session ID: 39a0fa08-db9a-459a-82ef-aebfc7fda105
*** Element info: {Using=-android uiautomator, value=new UiScrollable(new UiSelector().scrollable(true).instance(0)).scrollIntoView(new UiSelector().textContains(&quot;Kecamatan&quot;))}
	at org.openqa.selenium.remote.http.W3CHttpResponseCodec.createException(W3CHttpResponseCodec.java:187)
	at org.openqa.selenium.remote.http.W3CHttpResponseCodec.decode(W3CHttpResponseCodec.java:122)
	at org.openqa.selenium.remote.http.W3CHttpResponseCodec.decode(W3CHttpResponseCodec.java:49)
	at org.openqa.selenium.remote.HttpCommandExecutor.execute(HttpCommandExecutor.java:158)
	at io.appium.java_client.remote.AppiumCommandExecutor.execute(AppiumCommandExecutor.java:239)
	at org.openqa.selenium.remote.RemoteWebDriver.execute(RemoteWebDriver.java:552)
	at io.appium.java_client.DefaultGenericMobileDriver.execute(DefaultGenericMobileDriver.java:42)
	at io.appium.java_client.AppiumDriver.execute(AppiumDriver.java:1)
	at io.appium.java_client.android.AndroidDriver.execute(AndroidDriver.java:1)
	at com.kms.katalon.core.appium.driver.SwipeableAndroidDriver.execute(SwipeableAndroidDriver.java:1)
	at org.openqa.selenium.remote.RemoteWebDriver.findElement(RemoteWebDriver.java:323)
	at io.appium.java_client.DefaultGenericMobileDriver.findElement(DefaultGenericMobileDriver.java:62)
	at io.appium.java_client.AppiumDriver.findElement(AppiumDriver.java:1)
	at io.appium.java_client.android.AndroidDriver.findElement(AndroidDriver.java:1)
	at com.kms.katalon.core.appium.driver.SwipeableAndroidDriver.findElement(SwipeableAndroidDriver.java:1)
	at io.appium.java_client.FindsByAndroidUIAutomator.findElementByAndroidUIAutomator(FindsByAndroidUIAutomator.java:38)
	at io.appium.java_client.FindsByAndroidUIAutomator$findElementByAndroidUIAutomator.call(Unknown Source)
	at com.kms.katalon.core.mobile.keyword.builtin.ScrollToTextKeyword$_scrollToText_closure1.doCall(ScrollToTextKeyword.groovy:62)
	at com.kms.katalon.core.mobile.keyword.builtin.ScrollToTextKeyword$_scrollToText_closure1.doCall(ScrollToTextKeyword.groovy)
	at com.kms.katalon.core.mobile.keyword.internal.MobileKeywordMain.runKeyword(MobileKeywordMain.groovy:21)
	at com.kms.katalon.core.mobile.keyword.internal.MobileKeywordMain$runKeyword.call(Unknown Source)
	at com.kms.katalon.core.mobile.keyword.builtin.ScrollToTextKeyword.scrollToText(ScrollToTextKeyword.groovy:85)
	at com.kms.katalon.core.mobile.keyword.builtin.ScrollToTextKeyword.execute(ScrollToTextKeyword.groovy:41)
	at com.kms.katalon.core.keyword.internal.KeywordExecutor.executeKeywordForPlatform(KeywordExecutor.groovy:74)
	at com.kms.katalon.core.mobile.keyword.MobileBuiltInKeywords.scrollToText(MobileBuiltInKeywords.groovy:1987)
	at com.kms.katalon.core.mobile.keyword.MobileBuiltInKeywords$scrollToText$2.call(Unknown Source)
	at 02. Input Detail Data Pribadi.run(02. Input Detail Data Pribadi:75)
	at com.kms.katalon.core.main.ScriptEngine.run(ScriptEngine.java:194)
	at com.kms.katalon.core.main.ScriptEngine.runScriptAsRawText(ScriptEngine.java:119)
	at com.kms.katalon.core.main.TestCaseExecutor.runScript(TestCaseExecutor.java:448)
	at com.kms.katalon.core.main.TestCaseExecutor.doExecute(TestCaseExecutor.java:439)
	at com.kms.katalon.core.main.TestCaseExecutor.processExecutionPhase(TestCaseExecutor.java:418)
	at com.kms.katalon.core.main.TestCaseExecutor.accessMainPhase(TestCaseExecutor.java:410)
	at com.kms.katalon.core.main.TestCaseExecutor.execute(TestCaseExecutor.java:285)
	at com.kms.katalon.core.common.CommonExecutor.accessTestCaseMainPhase(CommonExecutor.java:65)
	at com.kms.katalon.core.main.TestSuiteExecutor.accessTestSuiteMainPhase(TestSuiteExecutor.java:144)
	at com.kms.katalon.core.main.TestSuiteExecutor.execute(TestSuiteExecutor.java:106)
	at com.kms.katalon.core.main.TestCaseMain.startTestSuite(TestCaseMain.java:185)
	at com.kms.katalon.core.main.TestCaseMain$startTestSuite$0.call(Unknown Source)
	at TempTestSuite1660757964351.run(TempTestSuite1660757964351.groovy:36)
)
	at com.kms.katalon.core.keyword.internal.KeywordMain.stepFailed(KeywordMain.groovy:50)
	at com.kms.katalon.core.mobile.keyword.internal.MobileKeywordMain.stepFailed(MobileKeywordMain.groovy:40)
	at com.kms.katalon.core.mobile.keyword.internal.MobileKeywordMain.runKeyword(MobileKeywordMain.groovy:23)
	at com.kms.katalon.core.mobile.keyword.internal.MobileKeywordMain$runKeyword.call(Unknown Source)
	at com.kms.katalon.core.mobile.keyword.builtin.ScrollToTextKeyword.scrollToText(ScrollToTextKeyword.groovy:85)
	at com.kms.katalon.core.mobile.keyword.builtin.ScrollToTextKeyword.execute(ScrollToTextKeyword.groovy:41)
	at com.kms.katalon.core.keyword.internal.KeywordExecutor.executeKeywordForPlatform(KeywordExecutor.groovy:74)
	at com.kms.katalon.core.mobile.keyword.MobileBuiltInKeywords.scrollToText(MobileBuiltInKeywords.groovy:1987)
	at com.kms.katalon.core.mobile.keyword.MobileBuiltInKeywords$scrollToText$2.call(Unknown Source)
	at 02. Input Detail Data Pribadi.run(02. Input Detail Data Pribadi:75)
	at com.kms.katalon.core.main.ScriptEngine.run(ScriptEngine.java:194)
	at com.kms.katalon.core.main.ScriptEngine.runScriptAsRawText(ScriptEngine.java:119)
	at com.kms.katalon.core.main.TestCaseExecutor.runScript(TestCaseExecutor.java:448)
	at com.kms.katalon.core.main.TestCaseExecutor.doExecute(TestCaseExecutor.java:439)
	at com.kms.katalon.core.main.TestCaseExecutor.processExecutionPhase(TestCaseExecutor.java:418)
	at com.kms.katalon.core.main.TestCaseExecutor.accessMainPhase(TestCaseExecutor.java:410)
	at com.kms.katalon.core.main.TestCaseExecutor.execute(TestCaseExecutor.java:285)
	at com.kms.katalon.core.common.CommonExecutor.accessTestCaseMainPhase(CommonExecutor.java:65)
	at com.kms.katalon.core.main.TestSuiteExecutor.accessTestSuiteMainPhase(TestSuiteExecutor.java:144)
	at com.kms.katalon.core.main.TestSuiteExecutor.execute(TestSuiteExecutor.java:106)
	at com.kms.katalon.core.main.TestCaseMain.startTestSuite(TestCaseMain.java:185)
	at com.kms.katalon.core.main.TestCaseMain$startTestSuite$0.call(Unknown Source)
	at TempTestSuite1660757964351.run(TempTestSuite1660757964351.groovy:36)
Caused by: org.openqa.selenium.NoSuchElementException: An element could not be located on the page using the given search parameters.
For documentation on this error, please visit: https://www.seleniumhq.org/exceptions/no_such_element.html
Build info: version: '3.141.59', revision: 'e82be7d358', time: '2018-11-14T08:25:53'
System info: host: 'DESKTOP-J7AMOGN', ip: '192.168.134.88', os.name: 'Windows 10', os.arch: 'amd64', os.version: '10.0', java.version: '1.8.0_282'
Driver info: com.kms.katalon.core.appium.driver.SwipeableAndroidDriver
Capabilities {appActivity: .Settings, appPackage: com.android.settings, appWaitActivity: *, autoGrantPermissions: true, automationName: uiautomator2, chromedriverPort: 62353, databaseEnabled: false, desired: {appActivity: .Settings, appPackage: com.android.settings, appWaitActivity: *, autoGrantPermissions: true, automationName: uiautomator2, chromedriverPort: 62353, deviceId: , deviceName: samsung SM-J730G (Android 9), newCommandTimeout: 1800, platform: ANDROID, platformName: android, platformVersion: 9, systemPort: 8265, udid: 52009efcee2e8435}, deviceApiLevel: 28, deviceId: , deviceManufacturer: samsung, deviceModel: SM-J730G, deviceName: 52009efcee2e8435, deviceScreenDensity: 420, deviceScreenSize: 1080x1920, deviceUDID: 52009efcee2e8435, javascriptEnabled: true, locationContextEnabled: false, networkConnectionEnabled: true, newCommandTimeout: 1800, pixelRatio: 2.625, platform: ANDROID, platformName: Android, platformVersion: 9, statBarHeight: 63, systemPort: 8265, takesScreenshot: true, udid: 52009efcee2e8435, viewportRect: {height: 1857, left: 0, top: 63, width: 1080}, warnings: {}, webStorageEnabled: false}
Session ID: 39a0fa08-db9a-459a-82ef-aebfc7fda105
*** Element info: {Using=-android uiautomator, value=new UiScrollable(new UiSelector().scrollable(true).instance(0)).scrollIntoView(new UiSelector().textContains(&quot;Kecamatan&quot;))}
	at org.openqa.selenium.remote.http.W3CHttpResponseCodec.createException(W3CHttpResponseCodec.java:187)
	at org.openqa.selenium.remote.http.W3CHttpResponseCodec.decode(W3CHttpResponseCodec.java:122)
	at org.openqa.selenium.remote.http.W3CHttpResponseCodec.decode(W3CHttpResponseCodec.java:49)
	at org.openqa.selenium.remote.HttpCommandExecutor.execute(HttpCommandExecutor.java:158)
	at io.appium.java_client.remote.AppiumCommandExecutor.execute(AppiumCommandExecutor.java:239)
	at org.openqa.selenium.remote.RemoteWebDriver.execute(RemoteWebDriver.java:552)
	at io.appium.java_client.DefaultGenericMobileDriver.execute(DefaultGenericMobileDriver.java:42)
	at io.appium.java_client.AppiumDriver.execute(AppiumDriver.java:1)
	at io.appium.java_client.android.AndroidDriver.execute(AndroidDriver.java:1)
	at com.kms.katalon.core.appium.driver.SwipeableAndroidDriver.execute(SwipeableAndroidDriver.java:1)
	at org.openqa.selenium.remote.RemoteWebDriver.findElement(RemoteWebDriver.java:323)
	at io.appium.java_client.DefaultGenericMobileDriver.findElement(DefaultGenericMobileDriver.java:62)
	at io.appium.java_client.AppiumDriver.findElement(AppiumDriver.java:1)
	at io.appium.java_client.android.AndroidDriver.findElement(AndroidDriver.java:1)
	at com.kms.katalon.core.appium.driver.SwipeableAndroidDriver.findElement(SwipeableAndroidDriver.java:1)
	at io.appium.java_client.FindsByAndroidUIAutomator.findElementByAndroidUIAutomator(FindsByAndroidUIAutomator.java:38)
	at io.appium.java_client.FindsByAndroidUIAutomator$findElementByAndroidUIAutomator.call(Unknown Source)
	at com.kms.katalon.core.mobile.keyword.builtin.ScrollToTextKeyword$_scrollToText_closure1.doCall(ScrollToTextKeyword.groovy:62)
	at com.kms.katalon.core.mobile.keyword.builtin.ScrollToTextKeyword$_scrollToText_closure1.doCall(ScrollToTextKeyword.groovy)
	at com.kms.katalon.core.mobile.keyword.internal.MobileKeywordMain.runKeyword(MobileKeywordMain.groovy:21)
	... 20 more
"/>
         <system-out><![CDATA[2022-08-18 00:42:47 - [TEST_CASE][FAILED] - Test Cases/02. Input Detail Data Pribadi: Test Cases/02. Input Detail Data Pribadi FAILED.
Reason:
com.kms.katalon.core.exception.StepFailedException: Unable to scroll to text 'Kecamatan' (Root cause: org.openqa.selenium.NoSuchElementException: An element could not be located on the page using the given search parameters.
For documentation on this error, please visit: https://www.seleniumhq.org/exceptions/no_such_element.html
Build info: version: '3.141.59', revision: 'e82be7d358', time: '2018-11-14T08:25:53'
System info: host: 'DESKTOP-J7AMOGN', ip: '192.168.134.88', os.name: 'Windows 10', os.arch: 'amd64', os.version: '10.0', java.version: '1.8.0_282'
Driver info: com.kms.katalon.core.appium.driver.SwipeableAndroidDriver
Capabilities {appActivity: .Settings, appPackage: com.android.settings, appWaitActivity: *, autoGrantPermissions: true, automationName: uiautomator2, chromedriverPort: 62353, databaseEnabled: false, desired: {appActivity: .Settings, appPackage: com.android.settings, appWaitActivity: *, autoGrantPermissions: true, automationName: uiautomator2, chromedriverPort: 62353, deviceId: , deviceName: samsung SM-J730G (Android 9), newCommandTimeout: 1800, platform: ANDROID, platformName: android, platformVersion: 9, systemPort: 8265, udid: 52009efcee2e8435}, deviceApiLevel: 28, deviceId: , deviceManufacturer: samsung, deviceModel: SM-J730G, deviceName: 52009efcee2e8435, deviceScreenDensity: 420, deviceScreenSize: 1080x1920, deviceUDID: 52009efcee2e8435, javascriptEnabled: true, locationContextEnabled: false, networkConnectionEnabled: true, newCommandTimeout: 1800, pixelRatio: 2.625, platform: ANDROID, platformName: Android, platformVersion: 9, statBarHeight: 63, systemPort: 8265, takesScreenshot: true, udid: 52009efcee2e8435, viewportRect: {height: 1857, left: 0, top: 63, width: 1080}, warnings: {}, webStorageEnabled: false}
Session ID: 39a0fa08-db9a-459a-82ef-aebfc7fda105
*** Element info: {Using=-android uiautomator, value=new UiScrollable(new UiSelector().scrollable(true).instance(0)).scrollIntoView(new UiSelector().textContains("Kecamatan"))}
	at org.openqa.selenium.remote.http.W3CHttpResponseCodec.createException(W3CHttpResponseCodec.java:187)
	at org.openqa.selenium.remote.http.W3CHttpResponseCodec.decode(W3CHttpResponseCodec.java:122)
	at org.openqa.selenium.remote.http.W3CHttpResponseCodec.decode(W3CHttpResponseCodec.java:49)
	at org.openqa.selenium.remote.HttpCommandExecutor.execute(HttpCommandExecutor.java:158)
	at io.appium.java_client.remote.AppiumCommandExecutor.execute(AppiumCommandExecutor.java:239)
	at org.openqa.selenium.remote.RemoteWebDriver.execute(RemoteWebDriver.java:552)
	at io.appium.java_client.DefaultGenericMobileDriver.execute(DefaultGenericMobileDriver.java:42)
	at io.appium.java_client.AppiumDriver.execute(AppiumDriver.java:1)
	at io.appium.java_client.android.AndroidDriver.execute(AndroidDriver.java:1)
	at com.kms.katalon.core.appium.driver.SwipeableAndroidDriver.execute(SwipeableAndroidDriver.java:1)
	at org.openqa.selenium.remote.RemoteWebDriver.findElement(RemoteWebDriver.java:323)
	at io.appium.java_client.DefaultGenericMobileDriver.findElement(DefaultGenericMobileDriver.java:62)
	at io.appium.java_client.AppiumDriver.findElement(AppiumDriver.java:1)
	at io.appium.java_client.android.AndroidDriver.findElement(AndroidDriver.java:1)
	at com.kms.katalon.core.appium.driver.SwipeableAndroidDriver.findElement(SwipeableAndroidDriver.java:1)
	at io.appium.java_client.FindsByAndroidUIAutomator.findElementByAndroidUIAutomator(FindsByAndroidUIAutomator.java:38)
	at io.appium.java_client.FindsByAndroidUIAutomator$findElementByAndroidUIAutomator.call(Unknown Source)
	at com.kms.katalon.core.mobile.keyword.builtin.ScrollToTextKeyword$_scrollToText_closure1.doCall(ScrollToTextKeyword.groovy:62)
	at com.kms.katalon.core.mobile.keyword.builtin.ScrollToTextKeyword$_scrollToText_closure1.doCall(ScrollToTextKeyword.groovy)
	at com.kms.katalon.core.mobile.keyword.internal.MobileKeywordMain.runKeyword(MobileKeywordMain.groovy:21)
	at com.kms.katalon.core.mobile.keyword.internal.MobileKeywordMain$runKeyword.call(Unknown Source)
	at com.kms.katalon.core.mobile.keyword.builtin.ScrollToTextKeyword.scrollToText(ScrollToTextKeyword.groovy:85)
	at com.kms.katalon.core.mobile.keyword.builtin.ScrollToTextKeyword.execute(ScrollToTextKeyword.groovy:41)
	at com.kms.katalon.core.keyword.internal.KeywordExecutor.executeKeywordForPlatform(KeywordExecutor.groovy:74)
	at com.kms.katalon.core.mobile.keyword.MobileBuiltInKeywords.scrollToText(MobileBuiltInKeywords.groovy:1987)
	at com.kms.katalon.core.mobile.keyword.MobileBuiltInKeywords$scrollToText$2.call(Unknown Source)
	at 02. Input Detail Data Pribadi.run(02. Input Detail Data Pribadi:75)
	at com.kms.katalon.core.main.ScriptEngine.run(ScriptEngine.java:194)
	at com.kms.katalon.core.main.ScriptEngine.runScriptAsRawText(ScriptEngine.java:119)
	at com.kms.katalon.core.main.TestCaseExecutor.runScript(TestCaseExecutor.java:448)
	at com.kms.katalon.core.main.TestCaseExecutor.doExecute(TestCaseExecutor.java:439)
	at com.kms.katalon.core.main.TestCaseExecutor.processExecutionPhase(TestCaseExecutor.java:418)
	at com.kms.katalon.core.main.TestCaseExecutor.accessMainPhase(TestCaseExecutor.java:410)
	at com.kms.katalon.core.main.TestCaseExecutor.execute(TestCaseExecutor.java:285)
	at com.kms.katalon.core.common.CommonExecutor.accessTestCaseMainPhase(CommonExecutor.java:65)
	at com.kms.katalon.core.main.TestSuiteExecutor.accessTestSuiteMainPhase(TestSuiteExecutor.java:144)
	at com.kms.katalon.core.main.TestSuiteExecutor.execute(TestSuiteExecutor.java:106)
	at com.kms.katalon.core.main.TestCaseMain.startTestSuite(TestCaseMain.java:185)
	at com.kms.katalon.core.main.TestCaseMain$startTestSuite$0.call(Unknown Source)
	at TempTestSuite1660757964351.run(TempTestSuite1660757964351.groovy:36)
)
	at com.kms.katalon.core.keyword.internal.KeywordMain.stepFailed(KeywordMain.groovy:50)
	at com.kms.katalon.core.mobile.keyword.internal.MobileKeywordMain.stepFailed(MobileKeywordMain.groovy:40)
	at com.kms.katalon.core.mobile.keyword.internal.MobileKeywordMain.runKeyword(MobileKeywordMain.groovy:23)
	at com.kms.katalon.core.mobile.keyword.internal.MobileKeywordMain$runKeyword.call(Unknown Source)
	at com.kms.katalon.core.mobile.keyword.builtin.ScrollToTextKeyword.scrollToText(ScrollToTextKeyword.groovy:85)
	at com.kms.katalon.core.mobile.keyword.builtin.ScrollToTextKeyword.execute(ScrollToTextKeyword.groovy:41)
	at com.kms.katalon.core.keyword.internal.KeywordExecutor.executeKeywordForPlatform(KeywordExecutor.groovy:74)
	at com.kms.katalon.core.mobile.keyword.MobileBuiltInKeywords.scrollToText(MobileBuiltInKeywords.groovy:1987)
	at com.kms.katalon.core.mobile.keyword.MobileBuiltInKeywords$scrollToText$2.call(Unknown Source)
	at 02. Input Detail Data Pribadi.run(02. Input Detail Data Pribadi:75)
	at com.kms.katalon.core.main.ScriptEngine.run(ScriptEngine.java:194)
	at com.kms.katalon.core.main.ScriptEngine.runScriptAsRawText(ScriptEngine.java:119)
	at com.kms.katalon.core.main.TestCaseExecutor.runScript(TestCaseExecutor.java:448)
	at com.kms.katalon.core.main.TestCaseExecutor.doExecute(TestCaseExecutor.java:439)
	at com.kms.katalon.core.main.TestCaseExecutor.processExecutionPhase(TestCaseExecutor.java:418)
	at com.kms.katalon.core.main.TestCaseExecutor.accessMainPhase(TestCaseExecutor.java:410)
	at com.kms.katalon.core.main.TestCaseExecutor.execute(TestCaseExecutor.java:285)
	at com.kms.katalon.core.common.CommonExecutor.accessTestCaseMainPhase(CommonExecutor.java:65)
	at com.kms.katalon.core.main.TestSuiteExecutor.accessTestSuiteMainPhase(TestSuiteExecutor.java:144)
	at com.kms.katalon.core.main.TestSuiteExecutor.execute(TestSuiteExecutor.java:106)
	at com.kms.katalon.core.main.TestCaseMain.startTestSuite(TestCaseMain.java:185)
	at com.kms.katalon.core.main.TestCaseMain$startTestSuite$0.call(Unknown Source)
	at TempTestSuite1660757964351.run(TempTestSuite1660757964351.groovy:36)
Caused by: org.openqa.selenium.NoSuchElementException: An element could not be located on the page using the given search parameters.
For documentation on this error, please visit: https://www.seleniumhq.org/exceptions/no_such_element.html
Build info: version: '3.141.59', revision: 'e82be7d358', time: '2018-11-14T08:25:53'
System info: host: 'DESKTOP-J7AMOGN', ip: '192.168.134.88', os.name: 'Windows 10', os.arch: 'amd64', os.version: '10.0', java.version: '1.8.0_282'
Driver info: com.kms.katalon.core.appium.driver.SwipeableAndroidDriver
Capabilities {appActivity: .Settings, appPackage: com.android.settings, appWaitActivity: *, autoGrantPermissions: true, automationName: uiautomator2, chromedriverPort: 62353, databaseEnabled: false, desired: {appActivity: .Settings, appPackage: com.android.settings, appWaitActivity: *, autoGrantPermissions: true, automationName: uiautomator2, chromedriverPort: 62353, deviceId: , deviceName: samsung SM-J730G (Android 9), newCommandTimeout: 1800, platform: ANDROID, platformName: android, platformVersion: 9, systemPort: 8265, udid: 52009efcee2e8435}, deviceApiLevel: 28, deviceId: , deviceManufacturer: samsung, deviceModel: SM-J730G, deviceName: 52009efcee2e8435, deviceScreenDensity: 420, deviceScreenSize: 1080x1920, deviceUDID: 52009efcee2e8435, javascriptEnabled: true, locationContextEnabled: false, networkConnectionEnabled: true, newCommandTimeout: 1800, pixelRatio: 2.625, platform: ANDROID, platformName: Android, platformVersion: 9, statBarHeight: 63, systemPort: 8265, takesScreenshot: true, udid: 52009efcee2e8435, viewportRect: {height: 1857, left: 0, top: 63, width: 1080}, warnings: {}, webStorageEnabled: false}
Session ID: 39a0fa08-db9a-459a-82ef-aebfc7fda105
*** Element info: {Using=-android uiautomator, value=new UiScrollable(new UiSelector().scrollable(true).instance(0)).scrollIntoView(new UiSelector().textContains("Kecamatan"))}
	at org.openqa.selenium.remote.http.W3CHttpResponseCodec.createException(W3CHttpResponseCodec.java:187)
	at org.openqa.selenium.remote.http.W3CHttpResponseCodec.decode(W3CHttpResponseCodec.java:122)
	at org.openqa.selenium.remote.http.W3CHttpResponseCodec.decode(W3CHttpResponseCodec.java:49)
	at org.openqa.selenium.remote.HttpCommandExecutor.execute(HttpCommandExecutor.java:158)
	at io.appium.java_client.remote.AppiumCommandExecutor.execute(AppiumCommandExecutor.java:239)
	at org.openqa.selenium.remote.RemoteWebDriver.execute(RemoteWebDriver.java:552)
	at io.appium.java_client.DefaultGenericMobileDriver.execute(DefaultGenericMobileDriver.java:42)
	at io.appium.java_client.AppiumDriver.execute(AppiumDriver.java:1)
	at io.appium.java_client.android.AndroidDriver.execute(AndroidDriver.java:1)
	at com.kms.katalon.core.appium.driver.SwipeableAndroidDriver.execute(SwipeableAndroidDriver.java:1)
	at org.openqa.selenium.remote.RemoteWebDriver.findElement(RemoteWebDriver.java:323)
	at io.appium.java_client.DefaultGenericMobileDriver.findElement(DefaultGenericMobileDriver.java:62)
	at io.appium.java_client.AppiumDriver.findElement(AppiumDriver.java:1)
	at io.appium.java_client.android.AndroidDriver.findElement(AndroidDriver.java:1)
	at com.kms.katalon.core.appium.driver.SwipeableAndroidDriver.findElement(SwipeableAndroidDriver.java:1)
	at io.appium.java_client.FindsByAndroidUIAutomator.findElementByAndroidUIAutomator(FindsByAndroidUIAutomator.java:38)
	at io.appium.java_client.FindsByAndroidUIAutomator$findElementByAndroidUIAutomator.call(Unknown Source)
	at com.kms.katalon.core.mobile.keyword.builtin.ScrollToTextKeyword$_scrollToText_closure1.doCall(ScrollToTextKeyword.groovy:62)
	at com.kms.katalon.core.mobile.keyword.builtin.ScrollToTextKeyword$_scrollToText_closure1.doCall(ScrollToTextKeyword.groovy)
	at com.kms.katalon.core.mobile.keyword.internal.MobileKeywordMain.runKeyword(MobileKeywordMain.groovy:21)
	... 20 more


2022-08-18 00:42:48 - [TEST_STEP][PASSED] - tap(findTestObject("text", ["text":"Prakarsa"]), 0): Tapped on element 'Object Repository/text'

2022-08-18 00:42:49 - [MESSAGE][WARNING] - Timeout '0' is invalid. Using default page load timeout: '30'

2022-08-18 00:42:49 - [MESSAGE][PASSED] - Tapped on element 'Object Repository/text'

2022-08-18 00:42:49 - [TEST_STEP][PASSED] - tap(findTestObject("text", ["text":"OKE"]), 0): Tapped on element 'Object Repository/text'

2022-08-18 00:42:49 - [MESSAGE][WARNING] - Timeout '0' is invalid. Using default page load timeout: '30'

2022-08-18 00:42:50 - [MESSAGE][PASSED] - Tapped on element 'Object Repository/text'

2022-08-18 00:42:50 - [TEST_STEP][PASSED] - setText(findTestObject("id", ["id":"id.co.bri.brispotnew:id/etSearch"]), "PPND Katalon", 0): Text 'PPND Katalon' has been set to element 'Object Repository/id'

2022-08-18 00:42:51 - [MESSAGE][WARNING] - Timeout '0' is invalid. Using default page load timeout: '30'

2022-08-18 00:42:52 - [MESSAGE][PASSED] - Text 'PPND Katalon' has been set to element 'Object Repository/id'

2022-08-18 00:42:52 - [TEST_STEP][PASSED] - tap(findTestObject("text", ["text":"1000200030004001"]), 0): Tapped on element 'Object Repository/text'

2022-08-18 00:42:52 - [MESSAGE][WARNING] - Timeout '0' is invalid. Using default page load timeout: '30'

2022-08-18 00:42:55 - [MESSAGE][PASSED] - Tapped on element 'Object Repository/text'

2022-08-18 00:42:55 - [TEST_STEP][PASSED] - tap(findTestObject("text", ["text":"Info Prakarsa"]), 0): Tapped on element 'Object Repository/text'

2022-08-18 00:42:55 - [MESSAGE][WARNING] - Timeout '0' is invalid. Using default page load timeout: '30'

2022-08-18 00:43:03 - [MESSAGE][PASSED] - Tapped on element 'Object Repository/text'

2022-08-18 00:43:03 - [TEST_STEP][PASSED] - tap(findTestObject("text", ["text":"Menu Prakarsa"]), 0): Tapped on element 'Object Repository/text'

2022-08-18 00:43:03 - [MESSAGE][WARNING] - Timeout '0' is invalid. Using default page load timeout: '30'

2022-08-18 00:43:05 - [MESSAGE][PASSED] - Tapped on element 'Object Repository/text'

2022-08-18 00:43:05 - [TEST_STEP][PASSED] - tap(findTestObject("text", ["text":"Aktivitas Kunjungan"]), 0): Tapped on element 'Object Repository/text'

2022-08-18 00:43:05 - [MESSAGE][WARNING] - Timeout '0' is invalid. Using default page load timeout: '30'

2022-08-18 00:43:06 - [MESSAGE][PASSED] - Tapped on element 'Object Repository/text'

2022-08-18 00:43:06 - [TEST_STEP][PASSED] - tap(findTestObject("text", ["text":"Detail Data Pribadi"]), 0): Tapped on element 'Object Repository/text'

2022-08-18 00:43:06 - [MESSAGE][WARNING] - Timeout '0' is invalid. Using default page load timeout: '30'

2022-08-18 00:43:06 - [MESSAGE][PASSED] - Tapped on element 'Object Repository/text'

2022-08-18 00:43:06 - [TEST_STEP][PASSED] - scrollToText("Pekerjaan", STOP_ON_FAILURE): Scrolling to text 'Pekerjaan' successfully

2022-08-18 00:43:14 - [MESSAGE][PASSED] - Scrolling to text 'Pekerjaan' successfully

2022-08-18 00:43:14 - [TEST_STEP][PASSED] - setText(findTestObject("id", ["id":"id.co.bri.brispotnew:id/nama_alias"]), "PPND Ktln", 0): Text 'PPND Ktln' has been set to element 'Object Repository/id'

2022-08-18 00:43:14 - [MESSAGE][WARNING] - Timeout '0' is invalid. Using default page load timeout: '30'

2022-08-18 00:43:15 - [MESSAGE][PASSED] - Text 'PPND Ktln' has been set to element 'Object Repository/id'

2022-08-18 00:43:15 - [TEST_STEP][PASSED] - tap(findTestObject("id", ["id":"id.co.bri.brispotnew:id/pekerjaan_ktp"]), 0): Tapped on element 'Object Repository/id'

2022-08-18 00:43:15 - [MESSAGE][WARNING] - Timeout '0' is invalid. Using default page load timeout: '30'

2022-08-18 00:43:16 - [MESSAGE][PASSED] - Tapped on element 'Object Repository/id'

2022-08-18 00:43:16 - [TEST_STEP][PASSED] - tap(findTestObject("text", ["text":"Komputer"]), 0): Tapped on element 'Object Repository/text'

2022-08-18 00:43:16 - [MESSAGE][WARNING] - Timeout '0' is invalid. Using default page load timeout: '30'

2022-08-18 00:43:18 - [MESSAGE][PASSED] - Tapped on element 'Object Repository/text'

2022-08-18 00:43:18 - [TEST_STEP][PASSED] - scrollToText("Nomor Telepon", STOP_ON_FAILURE): Scrolling to text 'Nomor Telepon' successfully

2022-08-18 00:43:27 - [MESSAGE][PASSED] - Scrolling to text 'Nomor Telepon' successfully

2022-08-18 00:43:27 - [TEST_STEP][PASSED] - tap(findTestObject("id", ["id":"id.co.bri.brispotnew:id/agama"]), 0): Tapped on element 'Object Repository/id'

2022-08-18 00:43:27 - [MESSAGE][WARNING] - Timeout '0' is invalid. Using default page load timeout: '30'

2022-08-18 00:43:28 - [MESSAGE][PASSED] - Tapped on element 'Object Repository/id'

2022-08-18 00:43:28 - [TEST_STEP][PASSED] - tap(findTestObject("text", ["text":"Islam"]), 0): Tapped on element 'Object Repository/text'

2022-08-18 00:43:28 - [MESSAGE][WARNING] - Timeout '0' is invalid. Using default page load timeout: '30'

2022-08-18 00:43:30 - [MESSAGE][PASSED] - Tapped on element 'Object Repository/text'

2022-08-18 00:43:30 - [TEST_STEP][PASSED] - tap(findTestObject("id", ["id":"id.co.bri.brispotnew:id/pekerjaan_cif"]), 0): Tapped on element 'Object Repository/id'

2022-08-18 00:43:30 - [MESSAGE][WARNING] - Timeout '0' is invalid. Using default page load timeout: '30'

2022-08-18 00:43:30 - [MESSAGE][PASSED] - Tapped on element 'Object Repository/id'

2022-08-18 00:43:30 - [TEST_STEP][PASSED] - tap(findTestObject("text", ["text":"Komputer-Analis/Progrmr/intrnt/MIS/Engi"]), 0): Tapped on element 'Object Repository/text'

2022-08-18 00:43:30 - [MESSAGE][WARNING] - Timeout '0' is invalid. Using default page load timeout: '30'

2022-08-18 00:43:32 - [MESSAGE][PASSED] - Tapped on element 'Object Repository/text'

2022-08-18 00:43:32 - [TEST_STEP][PASSED] - tap(findTestObject("id", ["id":"id.co.bri.brispotnew:id/status_gelar"]), 0): Tapped on element 'Object Repository/id'

2022-08-18 00:43:32 - [MESSAGE][WARNING] - Timeout '0' is invalid. Using default page load timeout: '30'

2022-08-18 00:43:33 - [MESSAGE][PASSED] - Tapped on element 'Object Repository/id'

2022-08-18 00:43:33 - [TEST_STEP][PASSED] - tap(findTestObject("text", ["text":"S-1"]), 0): Tapped on element 'Object Repository/text'

2022-08-18 00:43:33 - [MESSAGE][WARNING] - Timeout '0' is invalid. Using default page load timeout: '30'

2022-08-18 00:43:35 - [MESSAGE][PASSED] - Tapped on element 'Object Repository/text'

2022-08-18 00:43:35 - [TEST_STEP][PASSED] - setText(findTestObject("id", ["id":"id.co.bri.brispotnew:id/tanggungan"]), "0", 0): Text '0' has been set to element 'Object Repository/id'

2022-08-18 00:43:35 - [MESSAGE][WARNING] - Timeout '0' is invalid. Using default page load timeout: '30'

2022-08-18 00:43:37 - [MESSAGE][PASSED] - Text '0' has been set to element 'Object Repository/id'

2022-08-18 00:43:37 - [TEST_STEP][PASSED] - setText(findTestObject("id", ["id":"id.co.bri.brispotnew:id/nama_ibu"]), "ISMIYATI", 0): Text 'ISMIYATI' has been set to element 'Object Repository/id'

2022-08-18 00:43:37 - [MESSAGE][WARNING] - Timeout '0' is invalid. Using default page load timeout: '30'

2022-08-18 00:43:38 - [MESSAGE][PASSED] - Text 'ISMIYATI' has been set to element 'Object Repository/id'

2022-08-18 00:43:38 - [TEST_STEP][PASSED] - setText(findTestObject("id", ["id":"id.co.bri.brispotnew:id/fixed_line"]), "0213456789", 0): Text '0213456789' has been set to element 'Object Repository/id'

2022-08-18 00:43:39 - [MESSAGE][WARNING] - Timeout '0' is invalid. Using default page load timeout: '30'

2022-08-18 00:43:40 - [MESSAGE][PASSED] - Text '0213456789' has been set to element 'Object Repository/id'

2022-08-18 00:43:40 - [TEST_STEP][PASSED] - scrollToText("Debitur 4", STOP_ON_FAILURE): Scrolling to text 'Debitur 4' successfully

2022-08-18 00:43:53 - [MESSAGE][PASSED] - Scrolling to text 'Debitur 4' successfully

2022-08-18 00:43:53 - [TEST_STEP][PASSED] - tap(findTestObject("id", ["id":"id.co.bri.brispotnew:id/btn_next"]), 0): Tapped on element 'Object Repository/id'

2022-08-18 00:43:53 - [MESSAGE][WARNING] - Timeout '0' is invalid. Using default page load timeout: '30'

2022-08-18 00:43:53 - [MESSAGE][PASSED] - Tapped on element 'Object Repository/id'

2022-08-18 00:43:53 - [TEST_STEP][FAILED] - scrollToText("Kecamatan", STOP_ON_FAILURE): Unable to scroll to text 'Kecamatan' (Root cause: org.openqa.selenium.NoSuchElementException: An element could not be located on the page using the given search parameters.
For documentation on this error, please visit: https://www.seleniumhq.org/exceptions/no_such_element.html
Build info: version: '3.141.59', revision: 'e82be7d358', time: '2018-11-14T08:25:53'
System info: host: 'DESKTOP-J7AMOGN', ip: '192.168.134.88', os.name: 'Windows 10', os.arch: 'amd64', os.version: '10.0', java.version: '1.8.0_282'
Driver info: com.kms.katalon.core.appium.driver.SwipeableAndroidDriver
Capabilities {appActivity: .Settings, appPackage: com.android.settings, appWaitActivity: *, autoGrantPermissions: true, automationName: uiautomator2, chromedriverPort: 62353, databaseEnabled: false, desired: {appActivity: .Settings, appPackage: com.android.settings, appWaitActivity: *, autoGrantPermissions: true, automationName: uiautomator2, chromedriverPort: 62353, deviceId: , deviceName: samsung SM-J730G (Android 9), newCommandTimeout: 1800, platform: ANDROID, platformName: android, platformVersion: 9, systemPort: 8265, udid: 52009efcee2e8435}, deviceApiLevel: 28, deviceId: , deviceManufacturer: samsung, deviceModel: SM-J730G, deviceName: 52009efcee2e8435, deviceScreenDensity: 420, deviceScreenSize: 1080x1920, deviceUDID: 52009efcee2e8435, javascriptEnabled: true, locationContextEnabled: false, networkConnectionEnabled: true, newCommandTimeout: 1800, pixelRatio: 2.625, platform: ANDROID, platformName: Android, platformVersion: 9, statBarHeight: 63, systemPort: 8265, takesScreenshot: true, udid: 52009efcee2e8435, viewportRect: {height: 1857, left: 0, top: 63, width: 1080}, warnings: {}, webStorageEnabled: false}
Session ID: 39a0fa08-db9a-459a-82ef-aebfc7fda105
*** Element info: {Using=-android uiautomator, value=new UiScrollable(new UiSelector().scrollable(true).instance(0)).scrollIntoView(new UiSelector().textContains("Kecamatan"))}
	at org.openqa.selenium.remote.http.W3CHttpResponseCodec.createException(W3CHttpResponseCodec.java:187)
	at org.openqa.selenium.remote.http.W3CHttpResponseCodec.decode(W3CHttpResponseCodec.java:122)
	at org.openqa.selenium.remote.http.W3CHttpResponseCodec.decode(W3CHttpResponseCodec.java:49)
	at org.openqa.selenium.remote.HttpCommandExecutor.execute(HttpCommandExecutor.java:158)
	at io.appium.java_client.remote.AppiumCommandExecutor.execute(AppiumCommandExecutor.java:239)
	at org.openqa.selenium.remote.RemoteWebDriver.execute(RemoteWebDriver.java:552)
	at io.appium.java_client.DefaultGenericMobileDriver.execute(DefaultGenericMobileDriver.java:42)
	at io.appium.java_client.AppiumDriver.execute(AppiumDriver.java:1)
	at io.appium.java_client.android.AndroidDriver.execute(AndroidDriver.java:1)
	at com.kms.katalon.core.appium.driver.SwipeableAndroidDriver.execute(SwipeableAndroidDriver.java:1)
	at org.openqa.selenium.remote.RemoteWebDriver.findElement(RemoteWebDriver.java:323)
	at io.appium.java_client.DefaultGenericMobileDriver.findElement(DefaultGenericMobileDriver.java:62)
	at io.appium.java_client.AppiumDriver.findElement(AppiumDriver.java:1)
	at io.appium.java_client.android.AndroidDriver.findElement(AndroidDriver.java:1)
	at com.kms.katalon.core.appium.driver.SwipeableAndroidDriver.findElement(SwipeableAndroidDriver.java:1)
	at io.appium.java_client.FindsByAndroidUIAutomator.findElementByAndroidUIAutomator(FindsByAndroidUIAutomator.java:38)
	at io.appium.java_client.FindsByAndroidUIAutomator$findElementByAndroidUIAutomator.call(Unknown Source)
	at com.kms.katalon.core.mobile.keyword.builtin.ScrollToTextKeyword$_scrollToText_closure1.doCall(ScrollToTextKeyword.groovy:62)
	at com.kms.katalon.core.mobile.keyword.builtin.ScrollToTextKeyword$_scrollToText_closure1.doCall(ScrollToTextKeyword.groovy)
	at com.kms.katalon.core.mobile.keyword.internal.MobileKeywordMain.runKeyword(MobileKeywordMain.groovy:21)
	at com.kms.katalon.core.mobile.keyword.internal.MobileKeywordMain$runKeyword.call(Unknown Source)
	at com.kms.katalon.core.mobile.keyword.builtin.ScrollToTextKeyword.scrollToText(ScrollToTextKeyword.groovy:85)
	at com.kms.katalon.core.mobile.keyword.builtin.ScrollToTextKeyword.execute(ScrollToTextKeyword.groovy:41)
	at com.kms.katalon.core.keyword.internal.KeywordExecutor.executeKeywordForPlatform(KeywordExecutor.groovy:74)
	at com.kms.katalon.core.mobile.keyword.MobileBuiltInKeywords.scrollToText(MobileBuiltInKeywords.groovy:1987)
	at com.kms.katalon.core.mobile.keyword.MobileBuiltInKeywords$scrollToText$2.call(Unknown Source)
	at 02. Input Detail Data Pribadi.run(02. Input Detail Data Pribadi:75)
	at com.kms.katalon.core.main.ScriptEngine.run(ScriptEngine.java:194)
	at com.kms.katalon.core.main.ScriptEngine.runScriptAsRawText(ScriptEngine.java:119)
	at com.kms.katalon.core.main.TestCaseExecutor.runScript(TestCaseExecutor.java:448)
	at com.kms.katalon.core.main.TestCaseExecutor.doExecute(TestCaseExecutor.java:439)
	at com.kms.katalon.core.main.TestCaseExecutor.processExecutionPhase(TestCaseExecutor.java:418)
	at com.kms.katalon.core.main.TestCaseExecutor.accessMainPhase(TestCaseExecutor.java:410)
	at com.kms.katalon.core.main.TestCaseExecutor.execute(TestCaseExecutor.java:285)
	at com.kms.katalon.core.common.CommonExecutor.accessTestCaseMainPhase(CommonExecutor.java:65)
	at com.kms.katalon.core.main.TestSuiteExecutor.accessTestSuiteMainPhase(TestSuiteExecutor.java:144)
	at com.kms.katalon.core.main.TestSuiteExecutor.execute(TestSuiteExecutor.java:106)
	at com.kms.katalon.core.main.TestCaseMain.startTestSuite(TestCaseMain.java:185)
	at com.kms.katalon.core.main.TestCaseMain$startTestSuite$0.call(Unknown Source)
	at TempTestSuite1660757964351.run(TempTestSuite1660757964351.groovy:36)
)

2022-08-18 00:44:31 - [MESSAGE][FAILED] - Unable to scroll to text 'Kecamatan' (Root cause: org.openqa.selenium.NoSuchElementException: An element could not be located on the page using the given search parameters.
For documentation on this error, please visit: https://www.seleniumhq.org/exceptions/no_such_element.html
Build info: version: '3.141.59', revision: 'e82be7d358', time: '2018-11-14T08:25:53'
System info: host: 'DESKTOP-J7AMOGN', ip: '192.168.134.88', os.name: 'Windows 10', os.arch: 'amd64', os.version: '10.0', java.version: '1.8.0_282'
Driver info: com.kms.katalon.core.appium.driver.SwipeableAndroidDriver
Capabilities {appActivity: .Settings, appPackage: com.android.settings, appWaitActivity: *, autoGrantPermissions: true, automationName: uiautomator2, chromedriverPort: 62353, databaseEnabled: false, desired: {appActivity: .Settings, appPackage: com.android.settings, appWaitActivity: *, autoGrantPermissions: true, automationName: uiautomator2, chromedriverPort: 62353, deviceId: , deviceName: samsung SM-J730G (Android 9), newCommandTimeout: 1800, platform: ANDROID, platformName: android, platformVersion: 9, systemPort: 8265, udid: 52009efcee2e8435}, deviceApiLevel: 28, deviceId: , deviceManufacturer: samsung, deviceModel: SM-J730G, deviceName: 52009efcee2e8435, deviceScreenDensity: 420, deviceScreenSize: 1080x1920, deviceUDID: 52009efcee2e8435, javascriptEnabled: true, locationContextEnabled: false, networkConnectionEnabled: true, newCommandTimeout: 1800, pixelRatio: 2.625, platform: ANDROID, platformName: Android, platformVersion: 9, statBarHeight: 63, systemPort: 8265, takesScreenshot: true, udid: 52009efcee2e8435, viewportRect: {height: 1857, left: 0, top: 63, width: 1080}, warnings: {}, webStorageEnabled: false}
Session ID: 39a0fa08-db9a-459a-82ef-aebfc7fda105
*** Element info: {Using=-android uiautomator, value=new UiScrollable(new UiSelector().scrollable(true).instance(0)).scrollIntoView(new UiSelector().textContains("Kecamatan"))}
	at org.openqa.selenium.remote.http.W3CHttpResponseCodec.createException(W3CHttpResponseCodec.java:187)
	at org.openqa.selenium.remote.http.W3CHttpResponseCodec.decode(W3CHttpResponseCodec.java:122)
	at org.openqa.selenium.remote.http.W3CHttpResponseCodec.decode(W3CHttpResponseCodec.java:49)
	at org.openqa.selenium.remote.HttpCommandExecutor.execute(HttpCommandExecutor.java:158)
	at io.appium.java_client.remote.AppiumCommandExecutor.execute(AppiumCommandExecutor.java:239)
	at org.openqa.selenium.remote.RemoteWebDriver.execute(RemoteWebDriver.java:552)
	at io.appium.java_client.DefaultGenericMobileDriver.execute(DefaultGenericMobileDriver.java:42)
	at io.appium.java_client.AppiumDriver.execute(AppiumDriver.java:1)
	at io.appium.java_client.android.AndroidDriver.execute(AndroidDriver.java:1)
	at com.kms.katalon.core.appium.driver.SwipeableAndroidDriver.execute(SwipeableAndroidDriver.java:1)
	at org.openqa.selenium.remote.RemoteWebDriver.findElement(RemoteWebDriver.java:323)
	at io.appium.java_client.DefaultGenericMobileDriver.findElement(DefaultGenericMobileDriver.java:62)
	at io.appium.java_client.AppiumDriver.findElement(AppiumDriver.java:1)
	at io.appium.java_client.android.AndroidDriver.findElement(AndroidDriver.java:1)
	at com.kms.katalon.core.appium.driver.SwipeableAndroidDriver.findElement(SwipeableAndroidDriver.java:1)
	at io.appium.java_client.FindsByAndroidUIAutomator.findElementByAndroidUIAutomator(FindsByAndroidUIAutomator.java:38)
	at io.appium.java_client.FindsByAndroidUIAutomator$findElementByAndroidUIAutomator.call(Unknown Source)
	at com.kms.katalon.core.mobile.keyword.builtin.ScrollToTextKeyword$_scrollToText_closure1.doCall(ScrollToTextKeyword.groovy:62)
	at com.kms.katalon.core.mobile.keyword.builtin.ScrollToTextKeyword$_scrollToText_closure1.doCall(ScrollToTextKeyword.groovy)
	at com.kms.katalon.core.mobile.keyword.internal.MobileKeywordMain.runKeyword(MobileKeywordMain.groovy:21)
	at com.kms.katalon.core.mobile.keyword.internal.MobileKeywordMain$runKeyword.call(Unknown Source)
	at com.kms.katalon.core.mobile.keyword.builtin.ScrollToTextKeyword.scrollToText(ScrollToTextKeyword.groovy:85)
	at com.kms.katalon.core.mobile.keyword.builtin.ScrollToTextKeyword.execute(ScrollToTextKeyword.groovy:41)
	at com.kms.katalon.core.keyword.internal.KeywordExecutor.executeKeywordForPlatform(KeywordExecutor.groovy:74)
	at com.kms.katalon.core.mobile.keyword.MobileBuiltInKeywords.scrollToText(MobileBuiltInKeywords.groovy:1987)
	at com.kms.katalon.core.mobile.keyword.MobileBuiltInKeywords$scrollToText$2.call(Unknown Source)
	at 02. Input Detail Data Pribadi.run(02. Input Detail Data Pribadi:75)
	at com.kms.katalon.core.main.ScriptEngine.run(ScriptEngine.java:194)
	at com.kms.katalon.core.main.ScriptEngine.runScriptAsRawText(ScriptEngine.java:119)
	at com.kms.katalon.core.main.TestCaseExecutor.runScript(TestCaseExecutor.java:448)
	at com.kms.katalon.core.main.TestCaseExecutor.doExecute(TestCaseExecutor.java:439)
	at com.kms.katalon.core.main.TestCaseExecutor.processExecutionPhase(TestCaseExecutor.java:418)
	at com.kms.katalon.core.main.TestCaseExecutor.accessMainPhase(TestCaseExecutor.java:410)
	at com.kms.katalon.core.main.TestCaseExecutor.execute(TestCaseExecutor.java:285)
	at com.kms.katalon.core.common.CommonExecutor.accessTestCaseMainPhase(CommonExecutor.java:65)
	at com.kms.katalon.core.main.TestSuiteExecutor.accessTestSuiteMainPhase(TestSuiteExecutor.java:144)
	at com.kms.katalon.core.main.TestSuiteExecutor.execute(TestSuiteExecutor.java:106)
	at com.kms.katalon.core.main.TestCaseMain.startTestSuite(TestCaseMain.java:185)
	at com.kms.katalon.core.main.TestCaseMain$startTestSuite$0.call(Unknown Source)
	at TempTestSuite1660757964351.run(TempTestSuite1660757964351.groovy:36)
)
[[ATTACHMENT|E:\\BRISPOT\\Katalon\\brispot ppnd\\Reports\\20220818_003924\\Pemrakarsa\\20220818_003924\\1660758270717.png]]]]></system-out>
         <system-err><![CDATA[2022-08-18 00:42:47 - [TEST_CASE][FAILED] - Test Cases/02. Input Detail Data Pribadi: Test Cases/02. Input Detail Data Pribadi FAILED.
Reason:
com.kms.katalon.core.exception.StepFailedException: Unable to scroll to text 'Kecamatan' (Root cause: org.openqa.selenium.NoSuchElementException: An element could not be located on the page using the given search parameters.
For documentation on this error, please visit: https://www.seleniumhq.org/exceptions/no_such_element.html
Build info: version: '3.141.59', revision: 'e82be7d358', time: '2018-11-14T08:25:53'
System info: host: 'DESKTOP-J7AMOGN', ip: '192.168.134.88', os.name: 'Windows 10', os.arch: 'amd64', os.version: '10.0', java.version: '1.8.0_282'
Driver info: com.kms.katalon.core.appium.driver.SwipeableAndroidDriver
Capabilities {appActivity: .Settings, appPackage: com.android.settings, appWaitActivity: *, autoGrantPermissions: true, automationName: uiautomator2, chromedriverPort: 62353, databaseEnabled: false, desired: {appActivity: .Settings, appPackage: com.android.settings, appWaitActivity: *, autoGrantPermissions: true, automationName: uiautomator2, chromedriverPort: 62353, deviceId: , deviceName: samsung SM-J730G (Android 9), newCommandTimeout: 1800, platform: ANDROID, platformName: android, platformVersion: 9, systemPort: 8265, udid: 52009efcee2e8435}, deviceApiLevel: 28, deviceId: , deviceManufacturer: samsung, deviceModel: SM-J730G, deviceName: 52009efcee2e8435, deviceScreenDensity: 420, deviceScreenSize: 1080x1920, deviceUDID: 52009efcee2e8435, javascriptEnabled: true, locationContextEnabled: false, networkConnectionEnabled: true, newCommandTimeout: 1800, pixelRatio: 2.625, platform: ANDROID, platformName: Android, platformVersion: 9, statBarHeight: 63, systemPort: 8265, takesScreenshot: true, udid: 52009efcee2e8435, viewportRect: {height: 1857, left: 0, top: 63, width: 1080}, warnings: {}, webStorageEnabled: false}
Session ID: 39a0fa08-db9a-459a-82ef-aebfc7fda105
*** Element info: {Using=-android uiautomator, value=new UiScrollable(new UiSelector().scrollable(true).instance(0)).scrollIntoView(new UiSelector().textContains("Kecamatan"))}
	at org.openqa.selenium.remote.http.W3CHttpResponseCodec.createException(W3CHttpResponseCodec.java:187)
	at org.openqa.selenium.remote.http.W3CHttpResponseCodec.decode(W3CHttpResponseCodec.java:122)
	at org.openqa.selenium.remote.http.W3CHttpResponseCodec.decode(W3CHttpResponseCodec.java:49)
	at org.openqa.selenium.remote.HttpCommandExecutor.execute(HttpCommandExecutor.java:158)
	at io.appium.java_client.remote.AppiumCommandExecutor.execute(AppiumCommandExecutor.java:239)
	at org.openqa.selenium.remote.RemoteWebDriver.execute(RemoteWebDriver.java:552)
	at io.appium.java_client.DefaultGenericMobileDriver.execute(DefaultGenericMobileDriver.java:42)
	at io.appium.java_client.AppiumDriver.execute(AppiumDriver.java:1)
	at io.appium.java_client.android.AndroidDriver.execute(AndroidDriver.java:1)
	at com.kms.katalon.core.appium.driver.SwipeableAndroidDriver.execute(SwipeableAndroidDriver.java:1)
	at org.openqa.selenium.remote.RemoteWebDriver.findElement(RemoteWebDriver.java:323)
	at io.appium.java_client.DefaultGenericMobileDriver.findElement(DefaultGenericMobileDriver.java:62)
	at io.appium.java_client.AppiumDriver.findElement(AppiumDriver.java:1)
	at io.appium.java_client.android.AndroidDriver.findElement(AndroidDriver.java:1)
	at com.kms.katalon.core.appium.driver.SwipeableAndroidDriver.findElement(SwipeableAndroidDriver.java:1)
	at io.appium.java_client.FindsByAndroidUIAutomator.findElementByAndroidUIAutomator(FindsByAndroidUIAutomator.java:38)
	at io.appium.java_client.FindsByAndroidUIAutomator$findElementByAndroidUIAutomator.call(Unknown Source)
	at com.kms.katalon.core.mobile.keyword.builtin.ScrollToTextKeyword$_scrollToText_closure1.doCall(ScrollToTextKeyword.groovy:62)
	at com.kms.katalon.core.mobile.keyword.builtin.ScrollToTextKeyword$_scrollToText_closure1.doCall(ScrollToTextKeyword.groovy)
	at com.kms.katalon.core.mobile.keyword.internal.MobileKeywordMain.runKeyword(MobileKeywordMain.groovy:21)
	at com.kms.katalon.core.mobile.keyword.internal.MobileKeywordMain$runKeyword.call(Unknown Source)
	at com.kms.katalon.core.mobile.keyword.builtin.ScrollToTextKeyword.scrollToText(ScrollToTextKeyword.groovy:85)
	at com.kms.katalon.core.mobile.keyword.builtin.ScrollToTextKeyword.execute(ScrollToTextKeyword.groovy:41)
	at com.kms.katalon.core.keyword.internal.KeywordExecutor.executeKeywordForPlatform(KeywordExecutor.groovy:74)
	at com.kms.katalon.core.mobile.keyword.MobileBuiltInKeywords.scrollToText(MobileBuiltInKeywords.groovy:1987)
	at com.kms.katalon.core.mobile.keyword.MobileBuiltInKeywords$scrollToText$2.call(Unknown Source)
	at 02. Input Detail Data Pribadi.run(02. Input Detail Data Pribadi:75)
	at com.kms.katalon.core.main.ScriptEngine.run(ScriptEngine.java:194)
	at com.kms.katalon.core.main.ScriptEngine.runScriptAsRawText(ScriptEngine.java:119)
	at com.kms.katalon.core.main.TestCaseExecutor.runScript(TestCaseExecutor.java:448)
	at com.kms.katalon.core.main.TestCaseExecutor.doExecute(TestCaseExecutor.java:439)
	at com.kms.katalon.core.main.TestCaseExecutor.processExecutionPhase(TestCaseExecutor.java:418)
	at com.kms.katalon.core.main.TestCaseExecutor.accessMainPhase(TestCaseExecutor.java:410)
	at com.kms.katalon.core.main.TestCaseExecutor.execute(TestCaseExecutor.java:285)
	at com.kms.katalon.core.common.CommonExecutor.accessTestCaseMainPhase(CommonExecutor.java:65)
	at com.kms.katalon.core.main.TestSuiteExecutor.accessTestSuiteMainPhase(TestSuiteExecutor.java:144)
	at com.kms.katalon.core.main.TestSuiteExecutor.execute(TestSuiteExecutor.java:106)
	at com.kms.katalon.core.main.TestCaseMain.startTestSuite(TestCaseMain.java:185)
	at com.kms.katalon.core.main.TestCaseMain$startTestSuite$0.call(Unknown Source)
	at TempTestSuite1660757964351.run(TempTestSuite1660757964351.groovy:36)
)
	at com.kms.katalon.core.keyword.internal.KeywordMain.stepFailed(KeywordMain.groovy:50)
	at com.kms.katalon.core.mobile.keyword.internal.MobileKeywordMain.stepFailed(MobileKeywordMain.groovy:40)
	at com.kms.katalon.core.mobile.keyword.internal.MobileKeywordMain.runKeyword(MobileKeywordMain.groovy:23)
	at com.kms.katalon.core.mobile.keyword.internal.MobileKeywordMain$runKeyword.call(Unknown Source)
	at com.kms.katalon.core.mobile.keyword.builtin.ScrollToTextKeyword.scrollToText(ScrollToTextKeyword.groovy:85)
	at com.kms.katalon.core.mobile.keyword.builtin.ScrollToTextKeyword.execute(ScrollToTextKeyword.groovy:41)
	at com.kms.katalon.core.keyword.internal.KeywordExecutor.executeKeywordForPlatform(KeywordExecutor.groovy:74)
	at com.kms.katalon.core.mobile.keyword.MobileBuiltInKeywords.scrollToText(MobileBuiltInKeywords.groovy:1987)
	at com.kms.katalon.core.mobile.keyword.MobileBuiltInKeywords$scrollToText$2.call(Unknown Source)
	at 02. Input Detail Data Pribadi.run(02. Input Detail Data Pribadi:75)
	at com.kms.katalon.core.main.ScriptEngine.run(ScriptEngine.java:194)
	at com.kms.katalon.core.main.ScriptEngine.runScriptAsRawText(ScriptEngine.java:119)
	at com.kms.katalon.core.main.TestCaseExecutor.runScript(TestCaseExecutor.java:448)
	at com.kms.katalon.core.main.TestCaseExecutor.doExecute(TestCaseExecutor.java:439)
	at com.kms.katalon.core.main.TestCaseExecutor.processExecutionPhase(TestCaseExecutor.java:418)
	at com.kms.katalon.core.main.TestCaseExecutor.accessMainPhase(TestCaseExecutor.java:410)
	at com.kms.katalon.core.main.TestCaseExecutor.execute(TestCaseExecutor.java:285)
	at com.kms.katalon.core.common.CommonExecutor.accessTestCaseMainPhase(CommonExecutor.java:65)
	at com.kms.katalon.core.main.TestSuiteExecutor.accessTestSuiteMainPhase(TestSuiteExecutor.java:144)
	at com.kms.katalon.core.main.TestSuiteExecutor.execute(TestSuiteExecutor.java:106)
	at com.kms.katalon.core.main.TestCaseMain.startTestSuite(TestCaseMain.java:185)
	at com.kms.katalon.core.main.TestCaseMain$startTestSuite$0.call(Unknown Source)
	at TempTestSuite1660757964351.run(TempTestSuite1660757964351.groovy:36)
Caused by: org.openqa.selenium.NoSuchElementException: An element could not be located on the page using the given search parameters.
For documentation on this error, please visit: https://www.seleniumhq.org/exceptions/no_such_element.html
Build info: version: '3.141.59', revision: 'e82be7d358', time: '2018-11-14T08:25:53'
System info: host: 'DESKTOP-J7AMOGN', ip: '192.168.134.88', os.name: 'Windows 10', os.arch: 'amd64', os.version: '10.0', java.version: '1.8.0_282'
Driver info: com.kms.katalon.core.appium.driver.SwipeableAndroidDriver
Capabilities {appActivity: .Settings, appPackage: com.android.settings, appWaitActivity: *, autoGrantPermissions: true, automationName: uiautomator2, chromedriverPort: 62353, databaseEnabled: false, desired: {appActivity: .Settings, appPackage: com.android.settings, appWaitActivity: *, autoGrantPermissions: true, automationName: uiautomator2, chromedriverPort: 62353, deviceId: , deviceName: samsung SM-J730G (Android 9), newCommandTimeout: 1800, platform: ANDROID, platformName: android, platformVersion: 9, systemPort: 8265, udid: 52009efcee2e8435}, deviceApiLevel: 28, deviceId: , deviceManufacturer: samsung, deviceModel: SM-J730G, deviceName: 52009efcee2e8435, deviceScreenDensity: 420, deviceScreenSize: 1080x1920, deviceUDID: 52009efcee2e8435, javascriptEnabled: true, locationContextEnabled: false, networkConnectionEnabled: true, newCommandTimeout: 1800, pixelRatio: 2.625, platform: ANDROID, platformName: Android, platformVersion: 9, statBarHeight: 63, systemPort: 8265, takesScreenshot: true, udid: 52009efcee2e8435, viewportRect: {height: 1857, left: 0, top: 63, width: 1080}, warnings: {}, webStorageEnabled: false}
Session ID: 39a0fa08-db9a-459a-82ef-aebfc7fda105
*** Element info: {Using=-android uiautomator, value=new UiScrollable(new UiSelector().scrollable(true).instance(0)).scrollIntoView(new UiSelector().textContains("Kecamatan"))}
	at org.openqa.selenium.remote.http.W3CHttpResponseCodec.createException(W3CHttpResponseCodec.java:187)
	at org.openqa.selenium.remote.http.W3CHttpResponseCodec.decode(W3CHttpResponseCodec.java:122)
	at org.openqa.selenium.remote.http.W3CHttpResponseCodec.decode(W3CHttpResponseCodec.java:49)
	at org.openqa.selenium.remote.HttpCommandExecutor.execute(HttpCommandExecutor.java:158)
	at io.appium.java_client.remote.AppiumCommandExecutor.execute(AppiumCommandExecutor.java:239)
	at org.openqa.selenium.remote.RemoteWebDriver.execute(RemoteWebDriver.java:552)
	at io.appium.java_client.DefaultGenericMobileDriver.execute(DefaultGenericMobileDriver.java:42)
	at io.appium.java_client.AppiumDriver.execute(AppiumDriver.java:1)
	at io.appium.java_client.android.AndroidDriver.execute(AndroidDriver.java:1)
	at com.kms.katalon.core.appium.driver.SwipeableAndroidDriver.execute(SwipeableAndroidDriver.java:1)
	at org.openqa.selenium.remote.RemoteWebDriver.findElement(RemoteWebDriver.java:323)
	at io.appium.java_client.DefaultGenericMobileDriver.findElement(DefaultGenericMobileDriver.java:62)
	at io.appium.java_client.AppiumDriver.findElement(AppiumDriver.java:1)
	at io.appium.java_client.android.AndroidDriver.findElement(AndroidDriver.java:1)
	at com.kms.katalon.core.appium.driver.SwipeableAndroidDriver.findElement(SwipeableAndroidDriver.java:1)
	at io.appium.java_client.FindsByAndroidUIAutomator.findElementByAndroidUIAutomator(FindsByAndroidUIAutomator.java:38)
	at io.appium.java_client.FindsByAndroidUIAutomator$findElementByAndroidUIAutomator.call(Unknown Source)
	at com.kms.katalon.core.mobile.keyword.builtin.ScrollToTextKeyword$_scrollToText_closure1.doCall(ScrollToTextKeyword.groovy:62)
	at com.kms.katalon.core.mobile.keyword.builtin.ScrollToTextKeyword$_scrollToText_closure1.doCall(ScrollToTextKeyword.groovy)
	at com.kms.katalon.core.mobile.keyword.internal.MobileKeywordMain.runKeyword(MobileKeywordMain.groovy:21)
	... 20 more]]></system-err>
      </testcase>
      <system-out><![CDATA[2022-08-18 00:39:30 - [TEST_SUITE][FAILED] - Pemrakarsa: Test Cases/02. Input Detail Data Pribadi FAILED.
Reason:
com.kms.katalon.core.exception.StepFailedException: Unable to scroll to text 'Kecamatan' (Root cause: org.openqa.selenium.NoSuchElementException: An element could not be located on the page using the given search parameters.
For documentation on this error, please visit: https://www.seleniumhq.org/exceptions/no_such_element.html
Build info: version: '3.141.59', revision: 'e82be7d358', time: '2018-11-14T08:25:53'
System info: host: 'DESKTOP-J7AMOGN', ip: '192.168.134.88', os.name: 'Windows 10', os.arch: 'amd64', os.version: '10.0', java.version: '1.8.0_282'
Driver info: com.kms.katalon.core.appium.driver.SwipeableAndroidDriver
Capabilities {appActivity: .Settings, appPackage: com.android.settings, appWaitActivity: *, autoGrantPermissions: true, automationName: uiautomator2, chromedriverPort: 62353, databaseEnabled: false, desired: {appActivity: .Settings, appPackage: com.android.settings, appWaitActivity: *, autoGrantPermissions: true, automationName: uiautomator2, chromedriverPort: 62353, deviceId: , deviceName: samsung SM-J730G (Android 9), newCommandTimeout: 1800, platform: ANDROID, platformName: android, platformVersion: 9, systemPort: 8265, udid: 52009efcee2e8435}, deviceApiLevel: 28, deviceId: , deviceManufacturer: samsung, deviceModel: SM-J730G, deviceName: 52009efcee2e8435, deviceScreenDensity: 420, deviceScreenSize: 1080x1920, deviceUDID: 52009efcee2e8435, javascriptEnabled: true, locationContextEnabled: false, networkConnectionEnabled: true, newCommandTimeout: 1800, pixelRatio: 2.625, platform: ANDROID, platformName: Android, platformVersion: 9, statBarHeight: 63, systemPort: 8265, takesScreenshot: true, udid: 52009efcee2e8435, viewportRect: {height: 1857, left: 0, top: 63, width: 1080}, warnings: {}, webStorageEnabled: false}
Session ID: 39a0fa08-db9a-459a-82ef-aebfc7fda105
*** Element info: {Using=-android uiautomator, value=new UiScrollable(new UiSelector().scrollable(true).instance(0)).scrollIntoView(new UiSelector().textContains("Kecamatan"))}
	at org.openqa.selenium.remote.http.W3CHttpResponseCodec.createException(W3CHttpResponseCodec.java:187)
	at org.openqa.selenium.remote.http.W3CHttpResponseCodec.decode(W3CHttpResponseCodec.java:122)
	at org.openqa.selenium.remote.http.W3CHttpResponseCodec.decode(W3CHttpResponseCodec.java:49)
	at org.openqa.selenium.remote.HttpCommandExecutor.execute(HttpCommandExecutor.java:158)
	at io.appium.java_client.remote.AppiumCommandExecutor.execute(AppiumCommandExecutor.java:239)
	at org.openqa.selenium.remote.RemoteWebDriver.execute(RemoteWebDriver.java:552)
	at io.appium.java_client.DefaultGenericMobileDriver.execute(DefaultGenericMobileDriver.java:42)
	at io.appium.java_client.AppiumDriver.execute(AppiumDriver.java:1)
	at io.appium.java_client.android.AndroidDriver.execute(AndroidDriver.java:1)
	at com.kms.katalon.core.appium.driver.SwipeableAndroidDriver.execute(SwipeableAndroidDriver.java:1)
	at org.openqa.selenium.remote.RemoteWebDriver.findElement(RemoteWebDriver.java:323)
	at io.appium.java_client.DefaultGenericMobileDriver.findElement(DefaultGenericMobileDriver.java:62)
	at io.appium.java_client.AppiumDriver.findElement(AppiumDriver.java:1)
	at io.appium.java_client.android.AndroidDriver.findElement(AndroidDriver.java:1)
	at com.kms.katalon.core.appium.driver.SwipeableAndroidDriver.findElement(SwipeableAndroidDriver.java:1)
	at io.appium.java_client.FindsByAndroidUIAutomator.findElementByAndroidUIAutomator(FindsByAndroidUIAutomator.java:38)
	at io.appium.java_client.FindsByAndroidUIAutomator$findElementByAndroidUIAutomator.call(Unknown Source)
	at com.kms.katalon.core.mobile.keyword.builtin.ScrollToTextKeyword$_scrollToText_closure1.doCall(ScrollToTextKeyword.groovy:62)
	at com.kms.katalon.core.mobile.keyword.builtin.ScrollToTextKeyword$_scrollToText_closure1.doCall(ScrollToTextKeyword.groovy)
	at com.kms.katalon.core.mobile.keyword.internal.MobileKeywordMain.runKeyword(MobileKeywordMain.groovy:21)
	at com.kms.katalon.core.mobile.keyword.internal.MobileKeywordMain$runKeyword.call(Unknown Source)
	at com.kms.katalon.core.mobile.keyword.builtin.ScrollToTextKeyword.scrollToText(ScrollToTextKeyword.groovy:85)
	at com.kms.katalon.core.mobile.keyword.builtin.ScrollToTextKeyword.execute(ScrollToTextKeyword.groovy:41)
	at com.kms.katalon.core.keyword.internal.KeywordExecutor.executeKeywordForPlatform(KeywordExecutor.groovy:74)
	at com.kms.katalon.core.mobile.keyword.MobileBuiltInKeywords.scrollToText(MobileBuiltInKeywords.groovy:1987)
	at com.kms.katalon.core.mobile.keyword.MobileBuiltInKeywords$scrollToText$2.call(Unknown Source)
	at 02. Input Detail Data Pribadi.run(02. Input Detail Data Pribadi:75)
	at com.kms.katalon.core.main.ScriptEngine.run(ScriptEngine.java:194)
	at com.kms.katalon.core.main.ScriptEngine.runScriptAsRawText(ScriptEngine.java:119)
	at com.kms.katalon.core.main.TestCaseExecutor.runScript(TestCaseExecutor.java:448)
	at com.kms.katalon.core.main.TestCaseExecutor.doExecute(TestCaseExecutor.java:439)
	at com.kms.katalon.core.main.TestCaseExecutor.processExecutionPhase(TestCaseExecutor.java:418)
	at com.kms.katalon.core.main.TestCaseExecutor.accessMainPhase(TestCaseExecutor.java:410)
	at com.kms.katalon.core.main.TestCaseExecutor.execute(TestCaseExecutor.java:285)
	at com.kms.katalon.core.common.CommonExecutor.accessTestCaseMainPhase(CommonExecutor.java:65)
	at com.kms.katalon.core.main.TestSuiteExecutor.accessTestSuiteMainPhase(TestSuiteExecutor.java:144)
	at com.kms.katalon.core.main.TestSuiteExecutor.execute(TestSuiteExecutor.java:106)
	at com.kms.katalon.core.main.TestCaseMain.startTestSuite(TestCaseMain.java:185)
	at com.kms.katalon.core.main.TestCaseMain$startTestSuite$0.call(Unknown Source)
	at TempTestSuite1660757964351.run(TempTestSuite1660757964351.groovy:36)
)
	at com.kms.katalon.core.keyword.internal.KeywordMain.stepFailed(KeywordMain.groovy:50)
	at com.kms.katalon.core.mobile.keyword.internal.MobileKeywordMain.stepFailed(MobileKeywordMain.groovy:40)
	at com.kms.katalon.core.mobile.keyword.internal.MobileKeywordMain.runKeyword(MobileKeywordMain.groovy:23)
	at com.kms.katalon.core.mobile.keyword.internal.MobileKeywordMain$runKeyword.call(Unknown Source)
	at com.kms.katalon.core.mobile.keyword.builtin.ScrollToTextKeyword.scrollToText(ScrollToTextKeyword.groovy:85)
	at com.kms.katalon.core.mobile.keyword.builtin.ScrollToTextKeyword.execute(ScrollToTextKeyword.groovy:41)
	at com.kms.katalon.core.keyword.internal.KeywordExecutor.executeKeywordForPlatform(KeywordExecutor.groovy:74)
	at com.kms.katalon.core.mobile.keyword.MobileBuiltInKeywords.scrollToText(MobileBuiltInKeywords.groovy:1987)
	at com.kms.katalon.core.mobile.keyword.MobileBuiltInKeywords$scrollToText$2.call(Unknown Source)
	at 02. Input Detail Data Pribadi.run(02. Input Detail Data Pribadi:75)
	at com.kms.katalon.core.main.ScriptEngine.run(ScriptEngine.java:194)
	at com.kms.katalon.core.main.ScriptEngine.runScriptAsRawText(ScriptEngine.java:119)
	at com.kms.katalon.core.main.TestCaseExecutor.runScript(TestCaseExecutor.java:448)
	at com.kms.katalon.core.main.TestCaseExecutor.doExecute(TestCaseExecutor.java:439)
	at com.kms.katalon.core.main.TestCaseExecutor.processExecutionPhase(TestCaseExecutor.java:418)
	at com.kms.katalon.core.main.TestCaseExecutor.accessMainPhase(TestCaseExecutor.java:410)
	at com.kms.katalon.core.main.TestCaseExecutor.execute(TestCaseExecutor.java:285)
	at com.kms.katalon.core.common.CommonExecutor.accessTestCaseMainPhase(CommonExecutor.java:65)
	at com.kms.katalon.core.main.TestSuiteExecutor.accessTestSuiteMainPhase(TestSuiteExecutor.java:144)
	at com.kms.katalon.core.main.TestSuiteExecutor.execute(TestSuiteExecutor.java:106)
	at com.kms.katalon.core.main.TestCaseMain.startTestSuite(TestCaseMain.java:185)
	at com.kms.katalon.core.main.TestCaseMain$startTestSuite$0.call(Unknown Source)
	at TempTestSuite1660757964351.run(TempTestSuite1660757964351.groovy:36)
Caused by: org.openqa.selenium.NoSuchElementException: An element could not be located on the page using the given search parameters.
For documentation on this error, please visit: https://www.seleniumhq.org/exceptions/no_such_element.html
Build info: version: '3.141.59', revision: 'e82be7d358', time: '2018-11-14T08:25:53'
System info: host: 'DESKTOP-J7AMOGN', ip: '192.168.134.88', os.name: 'Windows 10', os.arch: 'amd64', os.version: '10.0', java.version: '1.8.0_282'
Driver info: com.kms.katalon.core.appium.driver.SwipeableAndroidDriver
Capabilities {appActivity: .Settings, appPackage: com.android.settings, appWaitActivity: *, autoGrantPermissions: true, automationName: uiautomator2, chromedriverPort: 62353, databaseEnabled: false, desired: {appActivity: .Settings, appPackage: com.android.settings, appWaitActivity: *, autoGrantPermissions: true, automationName: uiautomator2, chromedriverPort: 62353, deviceId: , deviceName: samsung SM-J730G (Android 9), newCommandTimeout: 1800, platform: ANDROID, platformName: android, platformVersion: 9, systemPort: 8265, udid: 52009efcee2e8435}, deviceApiLevel: 28, deviceId: , deviceManufacturer: samsung, deviceModel: SM-J730G, deviceName: 52009efcee2e8435, deviceScreenDensity: 420, deviceScreenSize: 1080x1920, deviceUDID: 52009efcee2e8435, javascriptEnabled: true, locationContextEnabled: false, networkConnectionEnabled: true, newCommandTimeout: 1800, pixelRatio: 2.625, platform: ANDROID, platformName: Android, platformVersion: 9, statBarHeight: 63, systemPort: 8265, takesScreenshot: true, udid: 52009efcee2e8435, viewportRect: {height: 1857, left: 0, top: 63, width: 1080}, warnings: {}, webStorageEnabled: false}
Session ID: 39a0fa08-db9a-459a-82ef-aebfc7fda105
*** Element info: {Using=-android uiautomator, value=new UiScrollable(new UiSelector().scrollable(true).instance(0)).scrollIntoView(new UiSelector().textContains("Kecamatan"))}
	at org.openqa.selenium.remote.http.W3CHttpResponseCodec.createException(W3CHttpResponseCodec.java:187)
	at org.openqa.selenium.remote.http.W3CHttpResponseCodec.decode(W3CHttpResponseCodec.java:122)
	at org.openqa.selenium.remote.http.W3CHttpResponseCodec.decode(W3CHttpResponseCodec.java:49)
	at org.openqa.selenium.remote.HttpCommandExecutor.execute(HttpCommandExecutor.java:158)
	at io.appium.java_client.remote.AppiumCommandExecutor.execute(AppiumCommandExecutor.java:239)
	at org.openqa.selenium.remote.RemoteWebDriver.execute(RemoteWebDriver.java:552)
	at io.appium.java_client.DefaultGenericMobileDriver.execute(DefaultGenericMobileDriver.java:42)
	at io.appium.java_client.AppiumDriver.execute(AppiumDriver.java:1)
	at io.appium.java_client.android.AndroidDriver.execute(AndroidDriver.java:1)
	at com.kms.katalon.core.appium.driver.SwipeableAndroidDriver.execute(SwipeableAndroidDriver.java:1)
	at org.openqa.selenium.remote.RemoteWebDriver.findElement(RemoteWebDriver.java:323)
	at io.appium.java_client.DefaultGenericMobileDriver.findElement(DefaultGenericMobileDriver.java:62)
	at io.appium.java_client.AppiumDriver.findElement(AppiumDriver.java:1)
	at io.appium.java_client.android.AndroidDriver.findElement(AndroidDriver.java:1)
	at com.kms.katalon.core.appium.driver.SwipeableAndroidDriver.findElement(SwipeableAndroidDriver.java:1)
	at io.appium.java_client.FindsByAndroidUIAutomator.findElementByAndroidUIAutomator(FindsByAndroidUIAutomator.java:38)
	at io.appium.java_client.FindsByAndroidUIAutomator$findElementByAndroidUIAutomator.call(Unknown Source)
	at com.kms.katalon.core.mobile.keyword.builtin.ScrollToTextKeyword$_scrollToText_closure1.doCall(ScrollToTextKeyword.groovy:62)
	at com.kms.katalon.core.mobile.keyword.builtin.ScrollToTextKeyword$_scrollToText_closure1.doCall(ScrollToTextKeyword.groovy)
	at com.kms.katalon.core.mobile.keyword.internal.MobileKeywordMain.runKeyword(MobileKeywordMain.groovy:21)
	... 20 more]]></system-out>
      <system-err><![CDATA[2022-08-18 00:39:30 - [TEST_SUITE][FAILED] - Pemrakarsa: Test Cases/02. Input Detail Data Pribadi FAILED.
Reason:
com.kms.katalon.core.exception.StepFailedException: Unable to scroll to text 'Kecamatan' (Root cause: org.openqa.selenium.NoSuchElementException: An element could not be located on the page using the given search parameters.
For documentation on this error, please visit: https://www.seleniumhq.org/exceptions/no_such_element.html
Build info: version: '3.141.59', revision: 'e82be7d358', time: '2018-11-14T08:25:53'
System info: host: 'DESKTOP-J7AMOGN', ip: '192.168.134.88', os.name: 'Windows 10', os.arch: 'amd64', os.version: '10.0', java.version: '1.8.0_282'
Driver info: com.kms.katalon.core.appium.driver.SwipeableAndroidDriver
Capabilities {appActivity: .Settings, appPackage: com.android.settings, appWaitActivity: *, autoGrantPermissions: true, automationName: uiautomator2, chromedriverPort: 62353, databaseEnabled: false, desired: {appActivity: .Settings, appPackage: com.android.settings, appWaitActivity: *, autoGrantPermissions: true, automationName: uiautomator2, chromedriverPort: 62353, deviceId: , deviceName: samsung SM-J730G (Android 9), newCommandTimeout: 1800, platform: ANDROID, platformName: android, platformVersion: 9, systemPort: 8265, udid: 52009efcee2e8435}, deviceApiLevel: 28, deviceId: , deviceManufacturer: samsung, deviceModel: SM-J730G, deviceName: 52009efcee2e8435, deviceScreenDensity: 420, deviceScreenSize: 1080x1920, deviceUDID: 52009efcee2e8435, javascriptEnabled: true, locationContextEnabled: false, networkConnectionEnabled: true, newCommandTimeout: 1800, pixelRatio: 2.625, platform: ANDROID, platformName: Android, platformVersion: 9, statBarHeight: 63, systemPort: 8265, takesScreenshot: true, udid: 52009efcee2e8435, viewportRect: {height: 1857, left: 0, top: 63, width: 1080}, warnings: {}, webStorageEnabled: false}
Session ID: 39a0fa08-db9a-459a-82ef-aebfc7fda105
*** Element info: {Using=-android uiautomator, value=new UiScrollable(new UiSelector().scrollable(true).instance(0)).scrollIntoView(new UiSelector().textContains("Kecamatan"))}
	at org.openqa.selenium.remote.http.W3CHttpResponseCodec.createException(W3CHttpResponseCodec.java:187)
	at org.openqa.selenium.remote.http.W3CHttpResponseCodec.decode(W3CHttpResponseCodec.java:122)
	at org.openqa.selenium.remote.http.W3CHttpResponseCodec.decode(W3CHttpResponseCodec.java:49)
	at org.openqa.selenium.remote.HttpCommandExecutor.execute(HttpCommandExecutor.java:158)
	at io.appium.java_client.remote.AppiumCommandExecutor.execute(AppiumCommandExecutor.java:239)
	at org.openqa.selenium.remote.RemoteWebDriver.execute(RemoteWebDriver.java:552)
	at io.appium.java_client.DefaultGenericMobileDriver.execute(DefaultGenericMobileDriver.java:42)
	at io.appium.java_client.AppiumDriver.execute(AppiumDriver.java:1)
	at io.appium.java_client.android.AndroidDriver.execute(AndroidDriver.java:1)
	at com.kms.katalon.core.appium.driver.SwipeableAndroidDriver.execute(SwipeableAndroidDriver.java:1)
	at org.openqa.selenium.remote.RemoteWebDriver.findElement(RemoteWebDriver.java:323)
	at io.appium.java_client.DefaultGenericMobileDriver.findElement(DefaultGenericMobileDriver.java:62)
	at io.appium.java_client.AppiumDriver.findElement(AppiumDriver.java:1)
	at io.appium.java_client.android.AndroidDriver.findElement(AndroidDriver.java:1)
	at com.kms.katalon.core.appium.driver.SwipeableAndroidDriver.findElement(SwipeableAndroidDriver.java:1)
	at io.appium.java_client.FindsByAndroidUIAutomator.findElementByAndroidUIAutomator(FindsByAndroidUIAutomator.java:38)
	at io.appium.java_client.FindsByAndroidUIAutomator$findElementByAndroidUIAutomator.call(Unknown Source)
	at com.kms.katalon.core.mobile.keyword.builtin.ScrollToTextKeyword$_scrollToText_closure1.doCall(ScrollToTextKeyword.groovy:62)
	at com.kms.katalon.core.mobile.keyword.builtin.ScrollToTextKeyword$_scrollToText_closure1.doCall(ScrollToTextKeyword.groovy)
	at com.kms.katalon.core.mobile.keyword.internal.MobileKeywordMain.runKeyword(MobileKeywordMain.groovy:21)
	at com.kms.katalon.core.mobile.keyword.internal.MobileKeywordMain$runKeyword.call(Unknown Source)
	at com.kms.katalon.core.mobile.keyword.builtin.ScrollToTextKeyword.scrollToText(ScrollToTextKeyword.groovy:85)
	at com.kms.katalon.core.mobile.keyword.builtin.ScrollToTextKeyword.execute(ScrollToTextKeyword.groovy:41)
	at com.kms.katalon.core.keyword.internal.KeywordExecutor.executeKeywordForPlatform(KeywordExecutor.groovy:74)
	at com.kms.katalon.core.mobile.keyword.MobileBuiltInKeywords.scrollToText(MobileBuiltInKeywords.groovy:1987)
	at com.kms.katalon.core.mobile.keyword.MobileBuiltInKeywords$scrollToText$2.call(Unknown Source)
	at 02. Input Detail Data Pribadi.run(02. Input Detail Data Pribadi:75)
	at com.kms.katalon.core.main.ScriptEngine.run(ScriptEngine.java:194)
	at com.kms.katalon.core.main.ScriptEngine.runScriptAsRawText(ScriptEngine.java:119)
	at com.kms.katalon.core.main.TestCaseExecutor.runScript(TestCaseExecutor.java:448)
	at com.kms.katalon.core.main.TestCaseExecutor.doExecute(TestCaseExecutor.java:439)
	at com.kms.katalon.core.main.TestCaseExecutor.processExecutionPhase(TestCaseExecutor.java:418)
	at com.kms.katalon.core.main.TestCaseExecutor.accessMainPhase(TestCaseExecutor.java:410)
	at com.kms.katalon.core.main.TestCaseExecutor.execute(TestCaseExecutor.java:285)
	at com.kms.katalon.core.common.CommonExecutor.accessTestCaseMainPhase(CommonExecutor.java:65)
	at com.kms.katalon.core.main.TestSuiteExecutor.accessTestSuiteMainPhase(TestSuiteExecutor.java:144)
	at com.kms.katalon.core.main.TestSuiteExecutor.execute(TestSuiteExecutor.java:106)
	at com.kms.katalon.core.main.TestCaseMain.startTestSuite(TestCaseMain.java:185)
	at com.kms.katalon.core.main.TestCaseMain$startTestSuite$0.call(Unknown Source)
	at TempTestSuite1660757964351.run(TempTestSuite1660757964351.groovy:36)
)
	at com.kms.katalon.core.keyword.internal.KeywordMain.stepFailed(KeywordMain.groovy:50)
	at com.kms.katalon.core.mobile.keyword.internal.MobileKeywordMain.stepFailed(MobileKeywordMain.groovy:40)
	at com.kms.katalon.core.mobile.keyword.internal.MobileKeywordMain.runKeyword(MobileKeywordMain.groovy:23)
	at com.kms.katalon.core.mobile.keyword.internal.MobileKeywordMain$runKeyword.call(Unknown Source)
	at com.kms.katalon.core.mobile.keyword.builtin.ScrollToTextKeyword.scrollToText(ScrollToTextKeyword.groovy:85)
	at com.kms.katalon.core.mobile.keyword.builtin.ScrollToTextKeyword.execute(ScrollToTextKeyword.groovy:41)
	at com.kms.katalon.core.keyword.internal.KeywordExecutor.executeKeywordForPlatform(KeywordExecutor.groovy:74)
	at com.kms.katalon.core.mobile.keyword.MobileBuiltInKeywords.scrollToText(MobileBuiltInKeywords.groovy:1987)
	at com.kms.katalon.core.mobile.keyword.MobileBuiltInKeywords$scrollToText$2.call(Unknown Source)
	at 02. Input Detail Data Pribadi.run(02. Input Detail Data Pribadi:75)
	at com.kms.katalon.core.main.ScriptEngine.run(ScriptEngine.java:194)
	at com.kms.katalon.core.main.ScriptEngine.runScriptAsRawText(ScriptEngine.java:119)
	at com.kms.katalon.core.main.TestCaseExecutor.runScript(TestCaseExecutor.java:448)
	at com.kms.katalon.core.main.TestCaseExecutor.doExecute(TestCaseExecutor.java:439)
	at com.kms.katalon.core.main.TestCaseExecutor.processExecutionPhase(TestCaseExecutor.java:418)
	at com.kms.katalon.core.main.TestCaseExecutor.accessMainPhase(TestCaseExecutor.java:410)
	at com.kms.katalon.core.main.TestCaseExecutor.execute(TestCaseExecutor.java:285)
	at com.kms.katalon.core.common.CommonExecutor.accessTestCaseMainPhase(CommonExecutor.java:65)
	at com.kms.katalon.core.main.TestSuiteExecutor.accessTestSuiteMainPhase(TestSuiteExecutor.java:144)
	at com.kms.katalon.core.main.TestSuiteExecutor.execute(TestSuiteExecutor.java:106)
	at com.kms.katalon.core.main.TestCaseMain.startTestSuite(TestCaseMain.java:185)
	at com.kms.katalon.core.main.TestCaseMain$startTestSuite$0.call(Unknown Source)
	at TempTestSuite1660757964351.run(TempTestSuite1660757964351.groovy:36)
Caused by: org.openqa.selenium.NoSuchElementException: An element could not be located on the page using the given search parameters.
For documentation on this error, please visit: https://www.seleniumhq.org/exceptions/no_such_element.html
Build info: version: '3.141.59', revision: 'e82be7d358', time: '2018-11-14T08:25:53'
System info: host: 'DESKTOP-J7AMOGN', ip: '192.168.134.88', os.name: 'Windows 10', os.arch: 'amd64', os.version: '10.0', java.version: '1.8.0_282'
Driver info: com.kms.katalon.core.appium.driver.SwipeableAndroidDriver
Capabilities {appActivity: .Settings, appPackage: com.android.settings, appWaitActivity: *, autoGrantPermissions: true, automationName: uiautomator2, chromedriverPort: 62353, databaseEnabled: false, desired: {appActivity: .Settings, appPackage: com.android.settings, appWaitActivity: *, autoGrantPermissions: true, automationName: uiautomator2, chromedriverPort: 62353, deviceId: , deviceName: samsung SM-J730G (Android 9), newCommandTimeout: 1800, platform: ANDROID, platformName: android, platformVersion: 9, systemPort: 8265, udid: 52009efcee2e8435}, deviceApiLevel: 28, deviceId: , deviceManufacturer: samsung, deviceModel: SM-J730G, deviceName: 52009efcee2e8435, deviceScreenDensity: 420, deviceScreenSize: 1080x1920, deviceUDID: 52009efcee2e8435, javascriptEnabled: true, locationContextEnabled: false, networkConnectionEnabled: true, newCommandTimeout: 1800, pixelRatio: 2.625, platform: ANDROID, platformName: Android, platformVersion: 9, statBarHeight: 63, systemPort: 8265, takesScreenshot: true, udid: 52009efcee2e8435, viewportRect: {height: 1857, left: 0, top: 63, width: 1080}, warnings: {}, webStorageEnabled: false}
Session ID: 39a0fa08-db9a-459a-82ef-aebfc7fda105
*** Element info: {Using=-android uiautomator, value=new UiScrollable(new UiSelector().scrollable(true).instance(0)).scrollIntoView(new UiSelector().textContains("Kecamatan"))}
	at org.openqa.selenium.remote.http.W3CHttpResponseCodec.createException(W3CHttpResponseCodec.java:187)
	at org.openqa.selenium.remote.http.W3CHttpResponseCodec.decode(W3CHttpResponseCodec.java:122)
	at org.openqa.selenium.remote.http.W3CHttpResponseCodec.decode(W3CHttpResponseCodec.java:49)
	at org.openqa.selenium.remote.HttpCommandExecutor.execute(HttpCommandExecutor.java:158)
	at io.appium.java_client.remote.AppiumCommandExecutor.execute(AppiumCommandExecutor.java:239)
	at org.openqa.selenium.remote.RemoteWebDriver.execute(RemoteWebDriver.java:552)
	at io.appium.java_client.DefaultGenericMobileDriver.execute(DefaultGenericMobileDriver.java:42)
	at io.appium.java_client.AppiumDriver.execute(AppiumDriver.java:1)
	at io.appium.java_client.android.AndroidDriver.execute(AndroidDriver.java:1)
	at com.kms.katalon.core.appium.driver.SwipeableAndroidDriver.execute(SwipeableAndroidDriver.java:1)
	at org.openqa.selenium.remote.RemoteWebDriver.findElement(RemoteWebDriver.java:323)
	at io.appium.java_client.DefaultGenericMobileDriver.findElement(DefaultGenericMobileDriver.java:62)
	at io.appium.java_client.AppiumDriver.findElement(AppiumDriver.java:1)
	at io.appium.java_client.android.AndroidDriver.findElement(AndroidDriver.java:1)
	at com.kms.katalon.core.appium.driver.SwipeableAndroidDriver.findElement(SwipeableAndroidDriver.java:1)
	at io.appium.java_client.FindsByAndroidUIAutomator.findElementByAndroidUIAutomator(FindsByAndroidUIAutomator.java:38)
	at io.appium.java_client.FindsByAndroidUIAutomator$findElementByAndroidUIAutomator.call(Unknown Source)
	at com.kms.katalon.core.mobile.keyword.builtin.ScrollToTextKeyword$_scrollToText_closure1.doCall(ScrollToTextKeyword.groovy:62)
	at com.kms.katalon.core.mobile.keyword.builtin.ScrollToTextKeyword$_scrollToText_closure1.doCall(ScrollToTextKeyword.groovy)
	at com.kms.katalon.core.mobile.keyword.internal.MobileKeywordMain.runKeyword(MobileKeywordMain.groovy:21)
	... 20 more]]></system-err>
   </testsuite>
</testsuites>
